[ 2015-10-05T12:42:55+08:00 ] ::1 /manbuweb/Publiccss/bootstrap-theme.min.css
INFO: [ app_init ] --START--
INFO: Run Behavior\BuildLiteBehavior [ RunTime:0.000028s ]
INFO: [ app_init ] --END-- [ RunTime:0.000407s ]
ERR: 无法加载模块:Publiccss

[ 2015-10-05T12:42:55+08:00 ] ::1 /manbuweb/Publicjs/bootstrap.min.js
INFO: [ app_init ] --START--
INFO: Run Behavior\BuildLiteBehavior [ RunTime:0.000049s ]
INFO: [ app_init ] --END-- [ RunTime:0.000656s ]
ERR: 无法加载模块:Publicjs

[ 2015-10-05T12:42:55+08:00 ] ::1 /manbuweb/Publicjs/stylejs.js
INFO: [ app_init ] --START--
INFO: Run Behavior\BuildLiteBehavior [ RunTime:0.000028s ]
INFO: [ app_init ] --END-- [ RunTime:0.000431s ]
ERR: 无法加载模块:Publicjs

[ 2015-10-05T12:42:55+08:00 ] ::1 /manbuweb/Publicjs/bootstrap.min.js
INFO: [ app_init ] --START--
INFO: Run Behavior\BuildLiteBehavior [ RunTime:0.000043s ]
INFO: [ app_init ] --END-- [ RunTime:0.000448s ]
ERR: 无法加载模块:Publicjs

[ 2015-10-05T12:42:55+08:00 ] ::1 /manbuweb/Publicjs/stylejs.js
INFO: [ app_init ] --START--
INFO: Run Behavior\BuildLiteBehavior [ RunTime:0.000036s ]
INFO: [ app_init ] --END-- [ RunTime:0.000626s ]
ERR: 无法加载模块:Publicjs

[ 2015-10-05T13:06:56+08:00 ] ::1 /manbuweb/Publiccss/bootstrap-theme.min.css
INFO: [ app_init ] --START--
INFO: Run Behavior\BuildLiteBehavior [ RunTime:0.000028s ]
INFO: [ app_init ] --END-- [ RunTime:0.000392s ]
ERR: 无法加载模块:Publiccss

[ 2015-10-05T13:06:56+08:00 ] ::1 /manbuweb/Publicjs/bootstrap.min.js
INFO: [ app_init ] --START--
INFO: Run Behavior\BuildLiteBehavior [ RunTime:0.000033s ]
INFO: [ app_init ] --END-- [ RunTime:0.000517s ]
ERR: 无法加载模块:Publicjs

[ 2015-10-05T13:06:56+08:00 ] ::1 /manbuweb/Publicjs/bootstrap.min.js
INFO: [ app_init ] --START--
INFO: Run Behavior\BuildLiteBehavior [ RunTime:0.000027s ]
INFO: [ app_init ] --END-- [ RunTime:0.000418s ]
ERR: 无法加载模块:Publicjs

[ 2015-10-05T13:06:56+08:00 ] ::1 /manbuweb/Publicjs/stylejs.js
INFO: [ app_init ] --START--
INFO: Run Behavior\BuildLiteBehavior [ RunTime:0.000054s ]
INFO: [ app_init ] --END-- [ RunTime:0.000713s ]
ERR: 无法加载模块:Publicjs

[ 2015-10-05T13:30:39+08:00 ] ::1 /manbuweb/Publiccss/bootstrap-theme.min.css
INFO: [ app_init ] --START--
INFO: Run Behavior\BuildLiteBehavior [ RunTime:0.000048s ]
INFO: [ app_init ] --END-- [ RunTime:0.000732s ]
ERR: 无法加载模块:Publiccss

[ 2015-10-05T13:30:40+08:00 ] ::1 /manbuweb/Publicjs/stylejs.js
INFO: [ app_init ] --START--
INFO: Run Behavior\BuildLiteBehavior [ RunTime:0.000071s ]
INFO: [ app_init ] --END-- [ RunTime:0.001141s ]
ERR: 无法加载模块:Publicjs

[ 2015-10-05T13:30:40+08:00 ] ::1 /manbuweb/Publicjs/bootstrap.min.js
INFO: [ app_init ] --START--
INFO: Run Behavior\BuildLiteBehavior [ RunTime:0.000028s ]
INFO: [ app_init ] --END-- [ RunTime:0.000390s ]
ERR: 无法加载模块:Publicjs

[ 2015-10-05T13:30:40+08:00 ] ::1 /manbuweb/Publicjs/stylejs.js
INFO: [ app_init ] --START--
INFO: Run Behavior\BuildLiteBehavior [ RunTime:0.000035s ]
INFO: [ app_init ] --END-- [ RunTime:0.000691s ]
ERR: 无法加载模块:Publicjs

[ 2015-10-05T13:31:18+08:00 ] ::1 /manbuweb/Publiccss/bootstrap-theme.min.css
INFO: [ app_init ] --START--
INFO: Run Behavior\BuildLiteBehavior [ RunTime:0.000055s ]
INFO: [ app_init ] --END-- [ RunTime:0.000753s ]
ERR: 无法加载模块:Publiccss

[ 2015-10-05T13:31:18+08:00 ] ::1 /manbuweb/Publicjs/stylejs.js
INFO: [ app_init ] --START--
INFO: Run Behavior\BuildLiteBehavior [ RunTime:0.000054s ]
INFO: [ app_init ] --END-- [ RunTime:0.000753s ]
ERR: 无法加载模块:Publicjs

[ 2015-10-05T13:31:18+08:00 ] ::1 /manbuweb/Publicjs/bootstrap.min.js
INFO: [ app_init ] --START--
INFO: Run Behavior\BuildLiteBehavior [ RunTime:0.000173s ]
INFO: [ app_init ] --END-- [ RunTime:0.000865s ]
ERR: 无法加载模块:Publicjs

[ 2015-10-05T13:31:19+08:00 ] ::1 /manbuweb/Publicjs/bootstrap.min.js
INFO: [ app_init ] --START--
INFO: Run Behavior\BuildLiteBehavior [ RunTime:0.000029s ]
INFO: [ app_init ] --END-- [ RunTime:0.000496s ]
ERR: 无法加载模块:Publicjs

[ 2015-10-05T13:31:19+08:00 ] ::1 /manbuweb/Publicjs/stylejs.js
INFO: [ app_init ] --START--
INFO: Run Behavior\BuildLiteBehavior [ RunTime:0.000034s ]
INFO: [ app_init ] --END-- [ RunTime:0.000502s ]
ERR: 无法加载模块:Publicjs

[ 2015-10-05T13:32:13+08:00 ] ::1 /manbuweb/Publiccss/bootstrap-theme.min.css
INFO: [ app_init ] --START--
INFO: Run Behavior\BuildLiteBehavior [ RunTime:0.000055s ]
INFO: [ app_init ] --END-- [ RunTime:0.000708s ]
ERR: 无法加载模块:Publiccss

[ 2015-10-05T13:32:13+08:00 ] ::1 /manbuweb/Publicjs/bootstrap.min.js
INFO: [ app_init ] --START--
INFO: Run Behavior\BuildLiteBehavior [ RunTime:0.000053s ]
INFO: [ app_init ] --END-- [ RunTime:0.000738s ]
ERR: 无法加载模块:Publicjs

[ 2015-10-05T13:32:13+08:00 ] ::1 /manbuweb/Publicjs/stylejs.js
INFO: [ app_init ] --START--
INFO: Run Behavior\BuildLiteBehavior [ RunTime:0.000056s ]
INFO: [ app_init ] --END-- [ RunTime:0.000766s ]
ERR: 无法加载模块:Publicjs

[ 2015-10-05T13:32:13+08:00 ] ::1 /manbuweb/Publicjs/bootstrap.min.js
INFO: [ app_init ] --START--
INFO: Run Behavior\BuildLiteBehavior [ RunTime:0.000028s ]
INFO: [ app_init ] --END-- [ RunTime:0.000395s ]
ERR: 无法加载模块:Publicjs

[ 2015-10-05T13:32:13+08:00 ] ::1 /manbuweb/Publicjs/stylejs.js
INFO: [ app_init ] --START--
INFO: Run Behavior\BuildLiteBehavior [ RunTime:0.000054s ]
INFO: [ app_init ] --END-- [ RunTime:0.000783s ]
ERR: 无法加载模块:Publicjs

[ 2015-10-05T13:33:43+08:00 ] ::1 /manbuweb/Publiccss/bootstrap-theme.min.css
INFO: [ app_init ] --START--
INFO: Run Behavior\BuildLiteBehavior [ RunTime:0.000054s ]
INFO: [ app_init ] --END-- [ RunTime:0.000704s ]
ERR: 无法加载模块:Publiccss

[ 2015-10-05T13:33:43+08:00 ] ::1 /manbuweb/Publicjs/stylejs.js
INFO: [ app_init ] --START--
INFO: Run Behavior\BuildLiteBehavior [ RunTime:0.000063s ]
INFO: [ app_init ] --END-- [ RunTime:0.000819s ]
ERR: 无法加载模块:Publicjs

[ 2015-10-05T13:33:43+08:00 ] ::1 /manbuweb/Publicjs/bootstrap.min.js
INFO: [ app_init ] --START--
INFO: Run Behavior\BuildLiteBehavior [ RunTime:0.000052s ]
INFO: [ app_init ] --END-- [ RunTime:0.000782s ]
ERR: 无法加载模块:Publicjs

[ 2015-10-05T13:33:44+08:00 ] ::1 /manbuweb/Publicjs/bootstrap.min.js
INFO: [ app_init ] --START--
INFO: Run Behavior\BuildLiteBehavior [ RunTime:0.000029s ]
INFO: [ app_init ] --END-- [ RunTime:0.000403s ]
ERR: 无法加载模块:Publicjs

[ 2015-10-05T13:33:44+08:00 ] ::1 /manbuweb/Publicjs/stylejs.js
INFO: [ app_init ] --START--
INFO: Run Behavior\BuildLiteBehavior [ RunTime:0.000043s ]
INFO: [ app_init ] --END-- [ RunTime:0.000726s ]
ERR: 无法加载模块:Publicjs

[ 2015-10-05T13:38:22+08:00 ] ::1 /manbuweb/Publiccss/bootstrap-theme.min.css
INFO: [ app_init ] --START--
INFO: Run Behavior\BuildLiteBehavior [ RunTime:0.000051s ]
INFO: [ app_init ] --END-- [ RunTime:0.000699s ]
ERR: 无法加载模块:Publiccss

[ 2015-10-05T13:38:22+08:00 ] ::1 /manbuweb/Publicjs/bootstrap.min.js
INFO: [ app_init ] --START--
INFO: Run Behavior\BuildLiteBehavior [ RunTime:0.000056s ]
INFO: [ app_init ] --END-- [ RunTime:0.000923s ]
ERR: 无法加载模块:Publicjs

[ 2015-10-05T13:38:22+08:00 ] ::1 /manbuweb/Publicjs/stylejs.js
INFO: [ app_init ] --START--
INFO: Run Behavior\BuildLiteBehavior [ RunTime:0.000072s ]
INFO: [ app_init ] --END-- [ RunTime:0.001796s ]
ERR: 无法加载模块:Publicjs

[ 2015-10-05T13:38:23+08:00 ] ::1 /manbuweb/Publicjs/bootstrap.min.js
INFO: [ app_init ] --START--
INFO: Run Behavior\BuildLiteBehavior [ RunTime:0.000033s ]
INFO: [ app_init ] --END-- [ RunTime:0.000476s ]
ERR: 无法加载模块:Publicjs

[ 2015-10-05T13:38:23+08:00 ] ::1 /manbuweb/Publicjs/stylejs.js
INFO: [ app_init ] --START--
INFO: Run Behavior\BuildLiteBehavior [ RunTime:0.000049s ]
INFO: [ app_init ] --END-- [ RunTime:0.000685s ]
ERR: 无法加载模块:Publicjs

[ 2015-10-05T13:39:01+08:00 ] ::1 /manbuweb/Publiccss/bootstrap-theme.min.css
INFO: [ app_init ] --START--
INFO: Run Behavior\BuildLiteBehavior [ RunTime:0.000034s ]
INFO: [ app_init ] --END-- [ RunTime:0.000476s ]
ERR: 无法加载模块:Publiccss

[ 2015-10-05T13:39:01+08:00 ] ::1 /manbuweb/Publicjs/bootstrap.min.js
INFO: [ app_init ] --START--
INFO: Run Behavior\BuildLiteBehavior [ RunTime:0.000065s ]
INFO: [ app_init ] --END-- [ RunTime:0.000793s ]
ERR: 无法加载模块:Publicjs

[ 2015-10-05T13:39:01+08:00 ] ::1 /manbuweb/Publicjs/stylejs.js
INFO: [ app_init ] --START--
INFO: Run Behavior\BuildLiteBehavior [ RunTime:0.000052s ]
INFO: [ app_init ] --END-- [ RunTime:0.000885s ]
ERR: 无法加载模块:Publicjs

[ 2015-10-05T13:39:02+08:00 ] ::1 /manbuweb/Publicjs/bootstrap.min.js
INFO: [ app_init ] --START--
INFO: Run Behavior\BuildLiteBehavior [ RunTime:0.000050s ]
INFO: [ app_init ] --END-- [ RunTime:0.000559s ]
ERR: 无法加载模块:Publicjs

[ 2015-10-05T13:39:02+08:00 ] ::1 /manbuweb/Publicjs/stylejs.js
INFO: [ app_init ] --START--
INFO: Run Behavior\BuildLiteBehavior [ RunTime:0.000033s ]
INFO: [ app_init ] --END-- [ RunTime:0.000525s ]
ERR: 无法加载模块:Publicjs

[ 2015-10-05T13:39:45+08:00 ] ::1 /manbuweb/Publiccss/bootstrap-theme.min.css
INFO: [ app_init ] --START--
INFO: Run Behavior\BuildLiteBehavior [ RunTime:0.000056s ]
INFO: [ app_init ] --END-- [ RunTime:0.000718s ]
ERR: 无法加载模块:Publiccss

[ 2015-10-05T13:39:45+08:00 ] ::1 /manbuweb/Publicjs/stylejs.js
INFO: [ app_init ] --START--
INFO: Run Behavior\BuildLiteBehavior [ RunTime:0.000054s ]
INFO: [ app_init ] --END-- [ RunTime:0.000993s ]
ERR: 无法加载模块:Publicjs

[ 2015-10-05T13:39:45+08:00 ] ::1 /manbuweb/Publicjs/bootstrap.min.js
INFO: [ app_init ] --START--
INFO: Run Behavior\BuildLiteBehavior [ RunTime:0.000059s ]
INFO: [ app_init ] --END-- [ RunTime:0.001071s ]
ERR: 无法加载模块:Publicjs

[ 2015-10-05T13:39:46+08:00 ] ::1 /manbuweb/Publicjs/bootstrap.min.js
INFO: [ app_init ] --START--
INFO: Run Behavior\BuildLiteBehavior [ RunTime:0.000052s ]
INFO: [ app_init ] --END-- [ RunTime:0.000599s ]
ERR: 无法加载模块:Publicjs

[ 2015-10-05T13:39:46+08:00 ] ::1 /manbuweb/Publicjs/stylejs.js
INFO: [ app_init ] --START--
INFO: Run Behavior\BuildLiteBehavior [ RunTime:0.000050s ]
INFO: [ app_init ] --END-- [ RunTime:0.000610s ]
ERR: 无法加载模块:Publicjs

[ 2015-10-05T13:40:38+08:00 ] ::1 /manbuweb/Publiccss/bootstrap-theme.min.css
INFO: [ app_init ] --START--
INFO: Run Behavior\BuildLiteBehavior [ RunTime:0.000057s ]
INFO: [ app_init ] --END-- [ RunTime:0.000732s ]
ERR: 无法加载模块:Publiccss

[ 2015-10-05T13:40:38+08:00 ] ::1 /manbuweb/Publicjs/stylejs.js
INFO: [ app_init ] --START--
INFO: Run Behavior\BuildLiteBehavior [ RunTime:0.000063s ]
INFO: [ app_init ] --END-- [ RunTime:0.000840s ]
ERR: 无法加载模块:Publicjs

[ 2015-10-05T13:40:38+08:00 ] ::1 /manbuweb/Publicjs/bootstrap.min.js
INFO: [ app_init ] --START--
INFO: Run Behavior\BuildLiteBehavior [ RunTime:0.000056s ]
INFO: [ app_init ] --END-- [ RunTime:0.001046s ]
ERR: 无法加载模块:Publicjs

[ 2015-10-05T13:40:39+08:00 ] ::1 /manbuweb/Publicjs/bootstrap.min.js
INFO: [ app_init ] --START--
INFO: Run Behavior\BuildLiteBehavior [ RunTime:0.000052s ]
INFO: [ app_init ] --END-- [ RunTime:0.000744s ]
ERR: 无法加载模块:Publicjs

[ 2015-10-05T13:40:39+08:00 ] ::1 /manbuweb/Publicjs/stylejs.js
INFO: [ app_init ] --START--
INFO: Run Behavior\BuildLiteBehavior [ RunTime:0.000036s ]
INFO: [ app_init ] --END-- [ RunTime:0.000539s ]
ERR: 无法加载模块:Publicjs

[ 2015-10-05T13:40:45+08:00 ] ::1 /manbuweb/Publiccss/bootstrap-theme.min.css
INFO: [ app_init ] --START--
INFO: Run Behavior\BuildLiteBehavior [ RunTime:0.000056s ]
INFO: [ app_init ] --END-- [ RunTime:0.000728s ]
ERR: 无法加载模块:Publiccss

[ 2015-10-05T13:40:45+08:00 ] ::1 /manbuweb/Publicjs/bootstrap.min.js
INFO: [ app_init ] --START--
INFO: Run Behavior\BuildLiteBehavior [ RunTime:0.000064s ]
INFO: [ app_init ] --END-- [ RunTime:0.000757s ]
ERR: 无法加载模块:Publicjs

[ 2015-10-05T13:40:45+08:00 ] ::1 /manbuweb/Publicjs/stylejs.js
INFO: [ app_init ] --START--
INFO: Run Behavior\BuildLiteBehavior [ RunTime:0.000053s ]
INFO: [ app_init ] --END-- [ RunTime:0.000756s ]
ERR: 无法加载模块:Publicjs

[ 2015-10-05T13:40:46+08:00 ] ::1 /manbuweb/Publicjs/bootstrap.min.js
INFO: [ app_init ] --START--
INFO: Run Behavior\BuildLiteBehavior [ RunTime:0.000033s ]
INFO: [ app_init ] --END-- [ RunTime:0.000561s ]
ERR: 无法加载模块:Publicjs

[ 2015-10-05T13:40:46+08:00 ] ::1 /manbuweb/Publicjs/stylejs.js
INFO: [ app_init ] --START--
INFO: Run Behavior\BuildLiteBehavior [ RunTime:0.000036s ]
INFO: [ app_init ] --END-- [ RunTime:0.000578s ]
ERR: 无法加载模块:Publicjs

[ 2015-10-05T13:41:24+08:00 ] ::1 /manbuweb/Publiccss/bootstrap-theme.min.css
INFO: [ app_init ] --START--
INFO: Run Behavior\BuildLiteBehavior [ RunTime:0.000058s ]
INFO: [ app_init ] --END-- [ RunTime:0.000742s ]
ERR: 无法加载模块:Publiccss

[ 2015-10-05T13:41:24+08:00 ] ::1 /manbuweb/Publicjs/stylejs.js
INFO: [ app_init ] --START--
INFO: Run Behavior\BuildLiteBehavior [ RunTime:0.000064s ]
INFO: [ app_init ] --END-- [ RunTime:0.000741s ]
ERR: 无法加载模块:Publicjs

[ 2015-10-05T13:41:24+08:00 ] ::1 /manbuweb/Publicjs/bootstrap.min.js
INFO: [ app_init ] --START--
INFO: Run Behavior\BuildLiteBehavior [ RunTime:0.000056s ]
INFO: [ app_init ] --END-- [ RunTime:0.000851s ]
ERR: 无法加载模块:Publicjs

[ 2015-10-05T13:41:24+08:00 ] ::1 /manbuweb/Publicjs/bootstrap.min.js
INFO: [ app_init ] --START--
INFO: Run Behavior\BuildLiteBehavior [ RunTime:0.000030s ]
INFO: [ app_init ] --END-- [ RunTime:0.000409s ]
ERR: 无法加载模块:Publicjs

[ 2015-10-05T13:41:25+08:00 ] ::1 /manbuweb/Publicjs/stylejs.js
INFO: [ app_init ] --START--
INFO: Run Behavior\BuildLiteBehavior [ RunTime:0.000034s ]
INFO: [ app_init ] --END-- [ RunTime:0.000478s ]
ERR: 无法加载模块:Publicjs

[ 2015-10-05T13:41:37+08:00 ] ::1 /manbuweb/Publiccss/bootstrap-theme.min.css
INFO: [ app_init ] --START--
INFO: Run Behavior\BuildLiteBehavior [ RunTime:0.000057s ]
INFO: [ app_init ] --END-- [ RunTime:0.000723s ]
ERR: 无法加载模块:Publiccss

[ 2015-10-05T13:41:37+08:00 ] ::1 /manbuweb/Publicjs/bootstrap.min.js
INFO: [ app_init ] --START--
INFO: Run Behavior\BuildLiteBehavior [ RunTime:0.000063s ]
INFO: [ app_init ] --END-- [ RunTime:0.000740s ]
ERR: 无法加载模块:Publicjs

[ 2015-10-05T13:41:37+08:00 ] ::1 /manbuweb/Publicjs/stylejs.js
INFO: [ app_init ] --START--
INFO: Run Behavior\BuildLiteBehavior [ RunTime:0.000035s ]
INFO: [ app_init ] --END-- [ RunTime:0.000514s ]
ERR: 无法加载模块:Publicjs

[ 2015-10-05T13:41:37+08:00 ] ::1 /manbuweb/Publicjs/bootstrap.min.js
INFO: [ app_init ] --START--
INFO: Run Behavior\BuildLiteBehavior [ RunTime:0.000054s ]
INFO: [ app_init ] --END-- [ RunTime:0.000703s ]
ERR: 无法加载模块:Publicjs

[ 2015-10-05T13:41:37+08:00 ] ::1 /manbuweb/Publicjs/stylejs.js
INFO: [ app_init ] --START--
INFO: Run Behavior\BuildLiteBehavior [ RunTime:0.000035s ]
INFO: [ app_init ] --END-- [ RunTime:0.000500s ]
ERR: 无法加载模块:Publicjs

[ 2015-10-05T13:42:59+08:00 ] ::1 /manbuweb/Publicjs/bootstrap.min.js
INFO: [ app_init ] --START--
INFO: Run Behavior\BuildLiteBehavior [ RunTime:0.000058s ]
INFO: [ app_init ] --END-- [ RunTime:0.000805s ]
ERR: 无法加载模块:Publicjs

[ 2015-10-05T13:42:59+08:00 ] ::1 /manbuweb/Publiccss/bootstrap-theme.min.css
INFO: [ app_init ] --START--
INFO: Run Behavior\BuildLiteBehavior [ RunTime:0.000065s ]
INFO: [ app_init ] --END-- [ RunTime:0.001578s ]
ERR: 无法加载模块:Publiccss

[ 2015-10-05T13:42:59+08:00 ] ::1 /manbuweb/Publicjs/stylejs.js
INFO: [ app_init ] --START--
INFO: Run Behavior\BuildLiteBehavior [ RunTime:0.000056s ]
INFO: [ app_init ] --END-- [ RunTime:0.000779s ]
ERR: 无法加载模块:Publicjs

[ 2015-10-05T13:42:59+08:00 ] ::1 /manbuweb/Publicjs/bootstrap.min.js
INFO: [ app_init ] --START--
INFO: Run Behavior\BuildLiteBehavior [ RunTime:0.000069s ]
INFO: [ app_init ] --END-- [ RunTime:0.000863s ]
ERR: 无法加载模块:Publicjs

[ 2015-10-05T13:43:00+08:00 ] ::1 /manbuweb/Publicjs/stylejs.js
INFO: [ app_init ] --START--
INFO: Run Behavior\BuildLiteBehavior [ RunTime:0.000057s ]
INFO: [ app_init ] --END-- [ RunTime:0.000710s ]
ERR: 无法加载模块:Publicjs

[ 2015-10-05T13:43:01+08:00 ] ::1 /manbuweb/Publiccss/bootstrap-theme.min.css
INFO: [ app_init ] --START--
INFO: Run Behavior\BuildLiteBehavior [ RunTime:0.000053s ]
INFO: [ app_init ] --END-- [ RunTime:0.000752s ]
ERR: 无法加载模块:Publiccss

[ 2015-10-05T13:43:01+08:00 ] ::1 /manbuweb/Publicjs/bootstrap.min.js
INFO: [ app_init ] --START--
INFO: Run Behavior\BuildLiteBehavior [ RunTime:0.000059s ]
INFO: [ app_init ] --END-- [ RunTime:0.000718s ]
ERR: 无法加载模块:Publicjs

[ 2015-10-05T13:43:01+08:00 ] ::1 /manbuweb/Publicjs/stylejs.js
INFO: [ app_init ] --START--
INFO: Run Behavior\BuildLiteBehavior [ RunTime:0.000074s ]
INFO: [ app_init ] --END-- [ RunTime:0.000841s ]
ERR: 无法加载模块:Publicjs

[ 2015-10-05T13:43:01+08:00 ] ::1 /manbuweb/Publicjs/bootstrap.min.js
INFO: [ app_init ] --START--
INFO: Run Behavior\BuildLiteBehavior [ RunTime:0.000037s ]
INFO: [ app_init ] --END-- [ RunTime:0.000457s ]
ERR: 无法加载模块:Publicjs

[ 2015-10-05T13:43:01+08:00 ] ::1 /manbuweb/Publicjs/stylejs.js
INFO: [ app_init ] --START--
INFO: Run Behavior\BuildLiteBehavior [ RunTime:0.000062s ]
INFO: [ app_init ] --END-- [ RunTime:0.000632s ]
ERR: 无法加载模块:Publicjs

[ 2015-10-05T13:43:21+08:00 ] ::1 /manbuweb/Publiccss/bootstrap-theme.min.css
INFO: [ app_init ] --START--
INFO: Run Behavior\BuildLiteBehavior [ RunTime:0.000063s ]
INFO: [ app_init ] --END-- [ RunTime:0.000726s ]
ERR: 无法加载模块:Publiccss

[ 2015-10-05T13:43:21+08:00 ] ::1 /manbuweb/Publicjs/stylejs.js
INFO: [ app_init ] --START--
INFO: Run Behavior\BuildLiteBehavior [ RunTime:0.000060s ]
INFO: [ app_init ] --END-- [ RunTime:0.000733s ]
ERR: 无法加载模块:Publicjs

[ 2015-10-05T13:43:21+08:00 ] ::1 /manbuweb/Publicjs/bootstrap.min.js
INFO: [ app_init ] --START--
INFO: Run Behavior\BuildLiteBehavior [ RunTime:0.000057s ]
INFO: [ app_init ] --END-- [ RunTime:0.000740s ]
ERR: 无法加载模块:Publicjs

[ 2015-10-05T13:43:21+08:00 ] ::1 /manbuweb/Publicjs/bootstrap.min.js
INFO: [ app_init ] --START--
INFO: Run Behavior\BuildLiteBehavior [ RunTime:0.000052s ]
INFO: [ app_init ] --END-- [ RunTime:0.000680s ]
ERR: 无法加载模块:Publicjs

[ 2015-10-05T13:43:21+08:00 ] ::1 /manbuweb/Publicjs/stylejs.js
INFO: [ app_init ] --START--
INFO: Run Behavior\BuildLiteBehavior [ RunTime:0.000053s ]
INFO: [ app_init ] --END-- [ RunTime:0.000715s ]
ERR: 无法加载模块:Publicjs

[ 2015-10-05T13:43:35+08:00 ] ::1 /manbuweb/Publiccss/bootstrap-theme.min.css
INFO: [ app_init ] --START--
INFO: Run Behavior\BuildLiteBehavior [ RunTime:0.000062s ]
INFO: [ app_init ] --END-- [ RunTime:0.000752s ]
ERR: 无法加载模块:Publiccss

[ 2015-10-05T13:43:35+08:00 ] ::1 /manbuweb/Publicjs/bootstrap.min.js
INFO: [ app_init ] --START--
INFO: Run Behavior\BuildLiteBehavior [ RunTime:0.000054s ]
INFO: [ app_init ] --END-- [ RunTime:0.000739s ]
ERR: 无法加载模块:Publicjs

[ 2015-10-05T13:43:35+08:00 ] ::1 /manbuweb/Publicjs/stylejs.js
INFO: [ app_init ] --START--
INFO: Run Behavior\BuildLiteBehavior [ RunTime:0.000051s ]
INFO: [ app_init ] --END-- [ RunTime:0.000730s ]
ERR: 无法加载模块:Publicjs

[ 2015-10-05T13:43:35+08:00 ] ::1 /manbuweb/Publicjs/bootstrap.min.js
INFO: [ app_init ] --START--
INFO: Run Behavior\BuildLiteBehavior [ RunTime:0.000041s ]
INFO: [ app_init ] --END-- [ RunTime:0.000516s ]
ERR: 无法加载模块:Publicjs

[ 2015-10-05T13:43:35+08:00 ] ::1 /manbuweb/Publicjs/stylejs.js
INFO: [ app_init ] --START--
INFO: Run Behavior\BuildLiteBehavior [ RunTime:0.000038s ]
INFO: [ app_init ] --END-- [ RunTime:0.000472s ]
ERR: 无法加载模块:Publicjs

[ 2015-10-05T13:43:49+08:00 ] ::1 /manbuweb/Publiccss/bootstrap-theme.min.css
INFO: [ app_init ] --START--
INFO: Run Behavior\BuildLiteBehavior [ RunTime:0.000063s ]
INFO: [ app_init ] --END-- [ RunTime:0.000733s ]
ERR: 无法加载模块:Publiccss

[ 2015-10-05T13:43:49+08:00 ] ::1 /manbuweb/Publicjs/bootstrap.min.js
INFO: [ app_init ] --START--
INFO: Run Behavior\BuildLiteBehavior [ RunTime:0.000055s ]
INFO: [ app_init ] --END-- [ RunTime:0.000694s ]
ERR: 无法加载模块:Publicjs

[ 2015-10-05T13:43:49+08:00 ] ::1 /manbuweb/Publicjs/stylejs.js
INFO: [ app_init ] --START--
INFO: Run Behavior\BuildLiteBehavior [ RunTime:0.000056s ]
INFO: [ app_init ] --END-- [ RunTime:0.000948s ]
ERR: 无法加载模块:Publicjs

[ 2015-10-05T13:43:49+08:00 ] ::1 /manbuweb/Publicjs/bootstrap.min.js
INFO: [ app_init ] --START--
INFO: Run Behavior\BuildLiteBehavior [ RunTime:0.000032s ]
INFO: [ app_init ] --END-- [ RunTime:0.000436s ]
ERR: 无法加载模块:Publicjs

[ 2015-10-05T13:43:49+08:00 ] ::1 /manbuweb/Publicjs/stylejs.js
INFO: [ app_init ] --START--
INFO: Run Behavior\BuildLiteBehavior [ RunTime:0.000059s ]
INFO: [ app_init ] --END-- [ RunTime:0.000541s ]
ERR: 无法加载模块:Publicjs

[ 2015-10-05T13:43:53+08:00 ] ::1 /manbuweb/Publiccss/bootstrap-theme.min.css
INFO: [ app_init ] --START--
INFO: Run Behavior\BuildLiteBehavior [ RunTime:0.000058s ]
INFO: [ app_init ] --END-- [ RunTime:0.000713s ]
ERR: 无法加载模块:Publiccss

[ 2015-10-05T13:43:53+08:00 ] ::1 /manbuweb/Publicjs/bootstrap.min.js
INFO: [ app_init ] --START--
INFO: Run Behavior\BuildLiteBehavior [ RunTime:0.000060s ]
INFO: [ app_init ] --END-- [ RunTime:0.000731s ]
ERR: 无法加载模块:Publicjs

[ 2015-10-05T13:43:53+08:00 ] ::1 /manbuweb/Publicjs/stylejs.js
INFO: [ app_init ] --START--
INFO: Run Behavior\BuildLiteBehavior [ RunTime:0.000053s ]
INFO: [ app_init ] --END-- [ RunTime:0.000752s ]
ERR: 无法加载模块:Publicjs

[ 2015-10-05T13:43:56+08:00 ] ::1 /manbuweb/Publicjs/bootstrap.min.js
INFO: [ app_init ] --START--
INFO: Run Behavior\BuildLiteBehavior [ RunTime:0.000033s ]
INFO: [ app_init ] --END-- [ RunTime:0.000403s ]
ERR: 无法加载模块:Publicjs

[ 2015-10-05T13:43:56+08:00 ] ::1 /manbuweb/Publicjs/stylejs.js
INFO: [ app_init ] --START--
INFO: Run Behavior\BuildLiteBehavior [ RunTime:0.000064s ]
INFO: [ app_init ] --END-- [ RunTime:0.000730s ]
ERR: 无法加载模块:Publicjs

[ 2015-10-05T13:44:06+08:00 ] ::1 /manbuweb/Publiccss/bootstrap-theme.min.css
INFO: [ app_init ] --START--
INFO: Run Behavior\BuildLiteBehavior [ RunTime:0.000053s ]
INFO: [ app_init ] --END-- [ RunTime:0.000697s ]
ERR: 无法加载模块:Publiccss

[ 2015-10-05T13:44:06+08:00 ] ::1 /manbuweb/Publicjs/bootstrap.min.js
INFO: [ app_init ] --START--
INFO: Run Behavior\BuildLiteBehavior [ RunTime:0.000080s ]
INFO: [ app_init ] --END-- [ RunTime:0.001970s ]
ERR: 无法加载模块:Publicjs

[ 2015-10-05T13:44:06+08:00 ] ::1 /manbuweb/Publicjs/stylejs.js
INFO: [ app_init ] --START--
INFO: Run Behavior\BuildLiteBehavior [ RunTime:0.000057s ]
INFO: [ app_init ] --END-- [ RunTime:0.000785s ]
ERR: 无法加载模块:Publicjs

[ 2015-10-05T13:44:16+08:00 ] ::1 /manbuweb/Publicjs/bootstrap.min.js
INFO: [ app_init ] --START--
INFO: Run Behavior\BuildLiteBehavior [ RunTime:0.000035s ]
INFO: [ app_init ] --END-- [ RunTime:0.000497s ]
ERR: 无法加载模块:Publicjs

[ 2015-10-05T13:44:16+08:00 ] ::1 /manbuweb/Publicjs/stylejs.js
INFO: [ app_init ] --START--
INFO: Run Behavior\BuildLiteBehavior [ RunTime:0.000060s ]
INFO: [ app_init ] --END-- [ RunTime:0.002142s ]
ERR: 无法加载模块:Publicjs

[ 2015-10-05T13:44:42+08:00 ] ::1 /manbuweb/Publiccss/bootstrap-theme.min.css
INFO: [ app_init ] --START--
INFO: Run Behavior\BuildLiteBehavior [ RunTime:0.000052s ]
INFO: [ app_init ] --END-- [ RunTime:0.000714s ]
ERR: 无法加载模块:Publiccss

[ 2015-10-05T13:44:42+08:00 ] ::1 /manbuweb/Publicjs/stylejs.js
INFO: [ app_init ] --START--
INFO: Run Behavior\BuildLiteBehavior [ RunTime:0.000062s ]
INFO: [ app_init ] --END-- [ RunTime:0.000770s ]
ERR: 无法加载模块:Publicjs

[ 2015-10-05T13:44:42+08:00 ] ::1 /manbuweb/Publicjs/bootstrap.min.js
INFO: [ app_init ] --START--
INFO: Run Behavior\BuildLiteBehavior [ RunTime:0.000059s ]
INFO: [ app_init ] --END-- [ RunTime:0.000782s ]
ERR: 无法加载模块:Publicjs

[ 2015-10-05T13:44:42+08:00 ] ::1 /manbuweb/Publicjs/stylejs.js
INFO: [ app_init ] --START--
INFO: Run Behavior\BuildLiteBehavior [ RunTime:0.000034s ]
INFO: [ app_init ] --END-- [ RunTime:0.000518s ]
ERR: 无法加载模块:Publicjs

[ 2015-10-05T13:44:43+08:00 ] ::1 /manbuweb/Publicjs/bootstrap.min.js
INFO: [ app_init ] --START--
INFO: Run Behavior\BuildLiteBehavior [ RunTime:0.000059s ]
INFO: [ app_init ] --END-- [ RunTime:0.000725s ]
ERR: 无法加载模块:Publicjs

[ 2015-10-05T13:44:43+08:00 ] ::1 /manbuweb/Publiccss/bootstrap-theme.min.css
INFO: [ app_init ] --START--
INFO: Run Behavior\BuildLiteBehavior [ RunTime:0.000052s ]
INFO: [ app_init ] --END-- [ RunTime:0.000733s ]
ERR: 无法加载模块:Publiccss

[ 2015-10-05T13:44:43+08:00 ] ::1 /manbuweb/Publicjs/stylejs.js
INFO: [ app_init ] --START--
INFO: Run Behavior\BuildLiteBehavior [ RunTime:0.000053s ]
INFO: [ app_init ] --END-- [ RunTime:0.000718s ]
ERR: 无法加载模块:Publicjs

[ 2015-10-05T13:44:43+08:00 ] ::1 /manbuweb/Publicjs/bootstrap.min.js
INFO: [ app_init ] --START--
INFO: Run Behavior\BuildLiteBehavior [ RunTime:0.000048s ]
INFO: [ app_init ] --END-- [ RunTime:0.000666s ]
ERR: 无法加载模块:Publicjs

[ 2015-10-05T13:44:43+08:00 ] ::1 /manbuweb/Publicjs/stylejs.js
INFO: [ app_init ] --START--
INFO: Run Behavior\BuildLiteBehavior [ RunTime:0.000032s ]
INFO: [ app_init ] --END-- [ RunTime:0.000472s ]
ERR: 无法加载模块:Publicjs

[ 2015-10-05T13:45:58+08:00 ] ::1 /manbuweb/Publiccss/bootstrap-theme.min.css
INFO: [ app_init ] --START--
INFO: Run Behavior\BuildLiteBehavior [ RunTime:0.000053s ]
INFO: [ app_init ] --END-- [ RunTime:0.000726s ]
ERR: 无法加载模块:Publiccss

[ 2015-10-05T13:45:58+08:00 ] ::1 /manbuweb/Publicjs/stylejs.js
INFO: [ app_init ] --START--
INFO: Run Behavior\BuildLiteBehavior [ RunTime:0.000054s ]
INFO: [ app_init ] --END-- [ RunTime:0.000825s ]
ERR: 无法加载模块:Publicjs

[ 2015-10-05T13:45:58+08:00 ] ::1 /manbuweb/Publicjs/bootstrap.min.js
INFO: [ app_init ] --START--
INFO: Run Behavior\BuildLiteBehavior [ RunTime:0.000051s ]
INFO: [ app_init ] --END-- [ RunTime:0.000768s ]
ERR: 无法加载模块:Publicjs

[ 2015-10-05T13:45:58+08:00 ] ::1 /manbuweb/Publicjs/bootstrap.min.js
INFO: [ app_init ] --START--
INFO: Run Behavior\BuildLiteBehavior [ RunTime:0.000044s ]
INFO: [ app_init ] --END-- [ RunTime:0.000548s ]
ERR: 无法加载模块:Publicjs

[ 2015-10-05T13:45:58+08:00 ] ::1 /manbuweb/Publicjs/stylejs.js
INFO: [ app_init ] --START--
INFO: Run Behavior\BuildLiteBehavior [ RunTime:0.000054s ]
INFO: [ app_init ] --END-- [ RunTime:0.000807s ]
ERR: 无法加载模块:Publicjs

[ 2015-10-05T13:46:53+08:00 ] ::1 /manbuweb/Publiccss/bootstrap-theme.min.css
INFO: [ app_init ] --START--
INFO: Run Behavior\BuildLiteBehavior [ RunTime:0.000052s ]
INFO: [ app_init ] --END-- [ RunTime:0.000753s ]
ERR: 无法加载模块:Publiccss

[ 2015-10-05T13:46:53+08:00 ] ::1 /manbuweb/Publicjs/bootstrap.min.js
INFO: [ app_init ] --START--
INFO: Run Behavior\BuildLiteBehavior [ RunTime:0.000059s ]
INFO: [ app_init ] --END-- [ RunTime:0.000728s ]
ERR: 无法加载模块:Publicjs

[ 2015-10-05T13:46:53+08:00 ] ::1 /manbuweb/Publicjs/stylejs.js
INFO: [ app_init ] --START--
INFO: Run Behavior\BuildLiteBehavior [ RunTime:0.000033s ]
INFO: [ app_init ] --END-- [ RunTime:0.000543s ]
ERR: 无法加载模块:Publicjs

[ 2015-10-05T13:46:53+08:00 ] ::1 /manbuweb/Publicjs/bootstrap.min.js
INFO: [ app_init ] --START--
INFO: Run Behavior\BuildLiteBehavior [ RunTime:0.000033s ]
INFO: [ app_init ] --END-- [ RunTime:0.000477s ]
ERR: 无法加载模块:Publicjs

[ 2015-10-05T13:46:53+08:00 ] ::1 /manbuweb/Publicjs/stylejs.js
INFO: [ app_init ] --START--
INFO: Run Behavior\BuildLiteBehavior [ RunTime:0.000055s ]
INFO: [ app_init ] --END-- [ RunTime:0.001182s ]
ERR: 无法加载模块:Publicjs

[ 2015-10-05T13:47:24+08:00 ] ::1 /manbuweb/Publiccss/bootstrap-theme.min.css
INFO: [ app_init ] --START--
INFO: Run Behavior\BuildLiteBehavior [ RunTime:0.000053s ]
INFO: [ app_init ] --END-- [ RunTime:0.000786s ]
ERR: 无法加载模块:Publiccss

[ 2015-10-05T13:47:24+08:00 ] ::1 /manbuweb/Publicjs/bootstrap.min.js
INFO: [ app_init ] --START--
INFO: Run Behavior\BuildLiteBehavior [ RunTime:0.000054s ]
INFO: [ app_init ] --END-- [ RunTime:0.000943s ]
ERR: 无法加载模块:Publicjs

[ 2015-10-05T13:47:24+08:00 ] ::1 /manbuweb/Publicjs/stylejs.js
INFO: [ app_init ] --START--
INFO: Run Behavior\BuildLiteBehavior [ RunTime:0.000055s ]
INFO: [ app_init ] --END-- [ RunTime:0.000696s ]
ERR: 无法加载模块:Publicjs

[ 2015-10-05T13:47:24+08:00 ] ::1 /manbuweb/Publicjs/stylejs.js
INFO: [ app_init ] --START--
INFO: Run Behavior\BuildLiteBehavior [ RunTime:0.000031s ]
INFO: [ app_init ] --END-- [ RunTime:0.000446s ]
ERR: 无法加载模块:Publicjs

[ 2015-10-05T13:47:57+08:00 ] ::1 /manbuweb/Publiccss/bootstrap-theme.min.css
INFO: [ app_init ] --START--
INFO: Run Behavior\BuildLiteBehavior [ RunTime:0.000053s ]
INFO: [ app_init ] --END-- [ RunTime:0.000693s ]
ERR: 无法加载模块:Publiccss

[ 2015-10-05T13:47:57+08:00 ] ::1 /manbuweb/Publicjs/bootstrap.min.js
INFO: [ app_init ] --START--
INFO: Run Behavior\BuildLiteBehavior [ RunTime:0.000057s ]
INFO: [ app_init ] --END-- [ RunTime:0.000702s ]
ERR: 无法加载模块:Publicjs

[ 2015-10-05T13:47:57+08:00 ] ::1 /manbuweb/Publicjs/stylejs.js
INFO: [ app_init ] --START--
INFO: Run Behavior\BuildLiteBehavior [ RunTime:0.000059s ]
INFO: [ app_init ] --END-- [ RunTime:0.000815s ]
ERR: 无法加载模块:Publicjs

[ 2015-10-05T13:47:57+08:00 ] ::1 /manbuweb/Publicjs/bootstrap.min.js
INFO: [ app_init ] --START--
INFO: Run Behavior\BuildLiteBehavior [ RunTime:0.000034s ]
INFO: [ app_init ] --END-- [ RunTime:0.000520s ]
ERR: 无法加载模块:Publicjs

[ 2015-10-05T13:47:57+08:00 ] ::1 /manbuweb/Publicjs/stylejs.js
INFO: [ app_init ] --START--
INFO: Run Behavior\BuildLiteBehavior [ RunTime:0.000054s ]
INFO: [ app_init ] --END-- [ RunTime:0.000733s ]
ERR: 无法加载模块:Publicjs

[ 2015-10-05T13:49:57+08:00 ] ::1 /manbuweb/Publiccss/bootstrap-theme.min.css
INFO: [ app_init ] --START--
INFO: Run Behavior\BuildLiteBehavior [ RunTime:0.000052s ]
INFO: [ app_init ] --END-- [ RunTime:0.000683s ]
ERR: 无法加载模块:Publiccss

[ 2015-10-05T13:49:57+08:00 ] ::1 /manbuweb/Publicjs/stylejs.js
INFO: [ app_init ] --START--
INFO: Run Behavior\BuildLiteBehavior [ RunTime:0.000055s ]
INFO: [ app_init ] --END-- [ RunTime:0.000771s ]
ERR: 无法加载模块:Publicjs

[ 2015-10-05T13:49:57+08:00 ] ::1 /manbuweb/Publicjs/bootstrap.min.js
INFO: [ app_init ] --START--
INFO: Run Behavior\BuildLiteBehavior [ RunTime:0.000056s ]
INFO: [ app_init ] --END-- [ RunTime:0.001201s ]
ERR: 无法加载模块:Publicjs

[ 2015-10-05T13:49:57+08:00 ] ::1 /manbuweb/Publicjs/bootstrap.min.js
INFO: [ app_init ] --START--
INFO: Run Behavior\BuildLiteBehavior [ RunTime:0.000032s ]
INFO: [ app_init ] --END-- [ RunTime:0.000452s ]
ERR: 无法加载模块:Publicjs

[ 2015-10-05T13:49:57+08:00 ] ::1 /manbuweb/Publicjs/stylejs.js
INFO: [ app_init ] --START--
INFO: Run Behavior\BuildLiteBehavior [ RunTime:0.000061s ]
INFO: [ app_init ] --END-- [ RunTime:0.000896s ]
ERR: 无法加载模块:Publicjs

[ 2015-10-05T13:50:41+08:00 ] ::1 /manbuweb/Publiccss/bootstrap-theme.min.css
INFO: [ app_init ] --START--
INFO: Run Behavior\BuildLiteBehavior [ RunTime:0.000058s ]
INFO: [ app_init ] --END-- [ RunTime:0.001199s ]
ERR: 无法加载模块:Publiccss

[ 2015-10-05T13:50:41+08:00 ] ::1 /manbuweb/Publicjs/stylejs.js
INFO: [ app_init ] --START--
INFO: Run Behavior\BuildLiteBehavior [ RunTime:0.000055s ]
INFO: [ app_init ] --END-- [ RunTime:0.000728s ]
ERR: 无法加载模块:Publicjs

[ 2015-10-05T13:50:41+08:00 ] ::1 /manbuweb/Publicjs/bootstrap.min.js
INFO: [ app_init ] --START--
INFO: Run Behavior\BuildLiteBehavior [ RunTime:0.000067s ]
INFO: [ app_init ] --END-- [ RunTime:0.001237s ]
ERR: 无法加载模块:Publicjs

[ 2015-10-05T13:50:41+08:00 ] ::1 /manbuweb/Publicjs/bootstrap.min.js
INFO: [ app_init ] --START--
INFO: Run Behavior\BuildLiteBehavior [ RunTime:0.000041s ]
INFO: [ app_init ] --END-- [ RunTime:0.000445s ]
ERR: 无法加载模块:Publicjs

[ 2015-10-05T13:50:41+08:00 ] ::1 /manbuweb/Publicjs/stylejs.js
INFO: [ app_init ] --START--
INFO: Run Behavior\BuildLiteBehavior [ RunTime:0.000044s ]
INFO: [ app_init ] --END-- [ RunTime:0.000651s ]
ERR: 无法加载模块:Publicjs

[ 2015-10-05T13:51:21+08:00 ] ::1 /manbuweb/Publiccss/bootstrap-theme.min.css
INFO: [ app_init ] --START--
INFO: Run Behavior\BuildLiteBehavior [ RunTime:0.000052s ]
INFO: [ app_init ] --END-- [ RunTime:0.000678s ]
ERR: 无法加载模块:Publiccss

[ 2015-10-05T13:51:21+08:00 ] ::1 /manbuweb/Publicjs/bootstrap.min.js
INFO: [ app_init ] --START--
INFO: Run Behavior\BuildLiteBehavior [ RunTime:0.000057s ]
INFO: [ app_init ] --END-- [ RunTime:0.000717s ]
ERR: 无法加载模块:Publicjs

[ 2015-10-05T13:51:21+08:00 ] ::1 /manbuweb/Publicjs/stylejs.js
INFO: [ app_init ] --START--
INFO: Run Behavior\BuildLiteBehavior [ RunTime:0.000058s ]
INFO: [ app_init ] --END-- [ RunTime:0.000935s ]
ERR: 无法加载模块:Publicjs

[ 2015-10-05T13:51:21+08:00 ] ::1 /manbuweb/Publicjs/bootstrap.min.js
INFO: [ app_init ] --START--
INFO: Run Behavior\BuildLiteBehavior [ RunTime:0.000052s ]
INFO: [ app_init ] --END-- [ RunTime:0.000662s ]
ERR: 无法加载模块:Publicjs

[ 2015-10-05T13:51:21+08:00 ] ::1 /manbuweb/Publicjs/stylejs.js
INFO: [ app_init ] --START--
INFO: Run Behavior\BuildLiteBehavior [ RunTime:0.000028s ]
INFO: [ app_init ] --END-- [ RunTime:0.000437s ]
ERR: 无法加载模块:Publicjs

[ 2015-10-05T13:51:24+08:00 ] ::1 /manbuweb/Publiccss/bootstrap-theme.min.css
INFO: [ app_init ] --START--
INFO: Run Behavior\BuildLiteBehavior [ RunTime:0.000058s ]
INFO: [ app_init ] --END-- [ RunTime:0.001248s ]
ERR: 无法加载模块:Publiccss

[ 2015-10-05T13:51:24+08:00 ] ::1 /manbuweb/Publicjs/bootstrap.min.js
INFO: [ app_init ] --START--
INFO: Run Behavior\BuildLiteBehavior [ RunTime:0.000053s ]
INFO: [ app_init ] --END-- [ RunTime:0.000723s ]
ERR: 无法加载模块:Publicjs

[ 2015-10-05T13:51:24+08:00 ] ::1 /manbuweb/Publicjs/stylejs.js
INFO: [ app_init ] --START--
INFO: Run Behavior\BuildLiteBehavior [ RunTime:0.000057s ]
INFO: [ app_init ] --END-- [ RunTime:0.000729s ]
ERR: 无法加载模块:Publicjs

[ 2015-10-05T13:51:24+08:00 ] ::1 /manbuweb/Publicjs/bootstrap.min.js
INFO: [ app_init ] --START--
INFO: Run Behavior\BuildLiteBehavior [ RunTime:0.000029s ]
INFO: [ app_init ] --END-- [ RunTime:0.000403s ]
ERR: 无法加载模块:Publicjs

[ 2015-10-05T13:51:24+08:00 ] ::1 /manbuweb/Publicjs/stylejs.js
INFO: [ app_init ] --START--
INFO: Run Behavior\BuildLiteBehavior [ RunTime:0.000031s ]
INFO: [ app_init ] --END-- [ RunTime:0.000443s ]
ERR: 无法加载模块:Publicjs

[ 2015-10-05T13:51:56+08:00 ] ::1 /manbuweb/Publiccss/bootstrap-theme.min.css
INFO: [ app_init ] --START--
INFO: Run Behavior\BuildLiteBehavior [ RunTime:0.000055s ]
INFO: [ app_init ] --END-- [ RunTime:0.000703s ]
ERR: 无法加载模块:Publiccss

[ 2015-10-05T13:51:56+08:00 ] ::1 /manbuweb/Publicjs/bootstrap.min.js
INFO: [ app_init ] --START--
INFO: Run Behavior\BuildLiteBehavior [ RunTime:0.000056s ]
INFO: [ app_init ] --END-- [ RunTime:0.000758s ]
ERR: 无法加载模块:Publicjs

[ 2015-10-05T13:51:56+08:00 ] ::1 /manbuweb/Publicjs/stylejs.js
INFO: [ app_init ] --START--
INFO: Run Behavior\BuildLiteBehavior [ RunTime:0.000055s ]
INFO: [ app_init ] --END-- [ RunTime:0.000805s ]
ERR: 无法加载模块:Publicjs

[ 2015-10-05T13:51:56+08:00 ] ::1 /manbuweb/Publicjs/bootstrap.min.js
INFO: [ app_init ] --START--
INFO: Run Behavior\BuildLiteBehavior [ RunTime:0.000029s ]
INFO: [ app_init ] --END-- [ RunTime:0.000397s ]
ERR: 无法加载模块:Publicjs

[ 2015-10-05T13:51:56+08:00 ] ::1 /manbuweb/Publicjs/stylejs.js
INFO: [ app_init ] --START--
INFO: Run Behavior\BuildLiteBehavior [ RunTime:0.000027s ]
INFO: [ app_init ] --END-- [ RunTime:0.000484s ]
ERR: 无法加载模块:Publicjs

[ 2015-10-05T13:52:15+08:00 ] ::1 /manbuweb/Publiccss/bootstrap-theme.min.css
INFO: [ app_init ] --START--
INFO: Run Behavior\BuildLiteBehavior [ RunTime:0.000056s ]
INFO: [ app_init ] --END-- [ RunTime:0.000736s ]
ERR: 无法加载模块:Publiccss

[ 2015-10-05T13:52:15+08:00 ] ::1 /manbuweb/Publicjs/bootstrap.min.js
INFO: [ app_init ] --START--
INFO: Run Behavior\BuildLiteBehavior [ RunTime:0.000057s ]
INFO: [ app_init ] --END-- [ RunTime:0.000779s ]
ERR: 无法加载模块:Publicjs

[ 2015-10-05T13:52:15+08:00 ] ::1 /manbuweb/Publicjs/stylejs.js
INFO: [ app_init ] --START--
INFO: Run Behavior\BuildLiteBehavior [ RunTime:0.000052s ]
INFO: [ app_init ] --END-- [ RunTime:0.000741s ]
ERR: 无法加载模块:Publicjs

[ 2015-10-05T13:52:15+08:00 ] ::1 /manbuweb/Publicjs/bootstrap.min.js
INFO: [ app_init ] --START--
INFO: Run Behavior\BuildLiteBehavior [ RunTime:0.000052s ]
INFO: [ app_init ] --END-- [ RunTime:0.000750s ]
ERR: 无法加载模块:Publicjs

[ 2015-10-05T13:52:15+08:00 ] ::1 /manbuweb/Publicjs/stylejs.js
INFO: [ app_init ] --START--
INFO: Run Behavior\BuildLiteBehavior [ RunTime:0.000150s ]
INFO: [ app_init ] --END-- [ RunTime:0.000868s ]
ERR: 无法加载模块:Publicjs

[ 2015-10-05T13:52:33+08:00 ] ::1 /manbuweb/Publiccss/bootstrap-theme.min.css
INFO: [ app_init ] --START--
INFO: Run Behavior\BuildLiteBehavior [ RunTime:0.000056s ]
INFO: [ app_init ] --END-- [ RunTime:0.000735s ]
ERR: 无法加载模块:Publiccss

[ 2015-10-05T13:52:33+08:00 ] ::1 /manbuweb/Publicjs/bootstrap.min.js
INFO: [ app_init ] --START--
INFO: Run Behavior\BuildLiteBehavior [ RunTime:0.000152s ]
INFO: [ app_init ] --END-- [ RunTime:0.000855s ]
ERR: 无法加载模块:Publicjs

[ 2015-10-05T13:52:33+08:00 ] ::1 /manbuweb/Publicjs/stylejs.js
INFO: [ app_init ] --START--
INFO: Run Behavior\BuildLiteBehavior [ RunTime:0.000057s ]
INFO: [ app_init ] --END-- [ RunTime:0.000867s ]
ERR: 无法加载模块:Publicjs

[ 2015-10-05T13:52:33+08:00 ] ::1 /manbuweb/Publicjs/bootstrap.min.js
INFO: [ app_init ] --START--
INFO: Run Behavior\BuildLiteBehavior [ RunTime:0.000055s ]
INFO: [ app_init ] --END-- [ RunTime:0.000565s ]
ERR: 无法加载模块:Publicjs

[ 2015-10-05T13:52:33+08:00 ] ::1 /manbuweb/Publicjs/stylejs.js
INFO: [ app_init ] --START--
INFO: Run Behavior\BuildLiteBehavior [ RunTime:0.000034s ]
INFO: [ app_init ] --END-- [ RunTime:0.000486s ]
ERR: 无法加载模块:Publicjs

[ 2015-10-05T13:53:26+08:00 ] ::1 /manbuweb/Publiccss/bootstrap-theme.min.css
INFO: [ app_init ] --START--
INFO: Run Behavior\BuildLiteBehavior [ RunTime:0.000057s ]
INFO: [ app_init ] --END-- [ RunTime:0.000716s ]
ERR: 无法加载模块:Publiccss

[ 2015-10-05T13:53:26+08:00 ] ::1 /manbuweb/Publicjs/stylejs.js
INFO: [ app_init ] --START--
INFO: Run Behavior\BuildLiteBehavior [ RunTime:0.000059s ]
INFO: [ app_init ] --END-- [ RunTime:0.000751s ]
ERR: 无法加载模块:Publicjs

[ 2015-10-05T13:53:26+08:00 ] ::1 /manbuweb/Publicjs/bootstrap.min.js
INFO: [ app_init ] --START--
INFO: Run Behavior\BuildLiteBehavior [ RunTime:0.000053s ]
INFO: [ app_init ] --END-- [ RunTime:0.000897s ]
ERR: 无法加载模块:Publicjs

[ 2015-10-05T13:53:27+08:00 ] ::1 /manbuweb/Publicjs/stylejs.js
INFO: [ app_init ] --START--
INFO: Run Behavior\BuildLiteBehavior [ RunTime:0.000056s ]
INFO: [ app_init ] --END-- [ RunTime:0.000905s ]
ERR: 无法加载模块:Publicjs

[ 2015-10-05T13:53:49+08:00 ] ::1 /manbuweb/Publiccss/bootstrap-theme.min.css
INFO: [ app_init ] --START--
INFO: Run Behavior\BuildLiteBehavior [ RunTime:0.000052s ]
INFO: [ app_init ] --END-- [ RunTime:0.000686s ]
ERR: 无法加载模块:Publiccss

[ 2015-10-05T13:53:50+08:00 ] ::1 /manbuweb/Publicjs/bootstrap.min.js
INFO: [ app_init ] --START--
INFO: Run Behavior\BuildLiteBehavior [ RunTime:0.000060s ]
INFO: [ app_init ] --END-- [ RunTime:0.000896s ]
ERR: 无法加载模块:Publicjs

[ 2015-10-05T13:53:50+08:00 ] ::1 /manbuweb/Publicjs/stylejs.js
INFO: [ app_init ] --START--
INFO: Run Behavior\BuildLiteBehavior [ RunTime:0.000063s ]
INFO: [ app_init ] --END-- [ RunTime:0.000947s ]
ERR: 无法加载模块:Publicjs

[ 2015-10-05T13:53:50+08:00 ] ::1 /manbuweb/Publicjs/stylejs.js
INFO: [ app_init ] --START--
INFO: Run Behavior\BuildLiteBehavior [ RunTime:0.000041s ]
INFO: [ app_init ] --END-- [ RunTime:0.000468s ]
ERR: 无法加载模块:Publicjs

[ 2015-10-05T13:53:51+08:00 ] ::1 /manbuweb/Publiccss/bootstrap-theme.min.css
INFO: [ app_init ] --START--
INFO: Run Behavior\BuildLiteBehavior [ RunTime:0.000061s ]
INFO: [ app_init ] --END-- [ RunTime:0.000764s ]
ERR: 无法加载模块:Publiccss

[ 2015-10-05T13:53:51+08:00 ] ::1 /manbuweb/Publicjs/bootstrap.min.js
INFO: [ app_init ] --START--
INFO: Run Behavior\BuildLiteBehavior [ RunTime:0.000049s ]
INFO: [ app_init ] --END-- [ RunTime:0.000665s ]
ERR: 无法加载模块:Publicjs

[ 2015-10-05T13:53:51+08:00 ] ::1 /manbuweb/Publicjs/stylejs.js
INFO: [ app_init ] --START--
INFO: Run Behavior\BuildLiteBehavior [ RunTime:0.000082s ]
INFO: [ app_init ] --END-- [ RunTime:0.000826s ]
ERR: 无法加载模块:Publicjs

[ 2015-10-05T13:53:51+08:00 ] ::1 /manbuweb/Publicjs/bootstrap.min.js
INFO: [ app_init ] --START--
INFO: Run Behavior\BuildLiteBehavior [ RunTime:0.000063s ]
INFO: [ app_init ] --END-- [ RunTime:0.000750s ]
ERR: 无法加载模块:Publicjs

[ 2015-10-05T13:53:51+08:00 ] ::1 /manbuweb/Publicjs/stylejs.js
INFO: [ app_init ] --START--
INFO: Run Behavior\BuildLiteBehavior [ RunTime:0.000055s ]
INFO: [ app_init ] --END-- [ RunTime:0.000851s ]
ERR: 无法加载模块:Publicjs

[ 2015-10-05T13:54:48+08:00 ] ::1 /manbuweb/Publiccss/bootstrap-theme.min.css
INFO: [ app_init ] --START--
INFO: Run Behavior\BuildLiteBehavior [ RunTime:0.000057s ]
INFO: [ app_init ] --END-- [ RunTime:0.000926s ]
ERR: 无法加载模块:Publiccss

[ 2015-10-05T13:54:48+08:00 ] ::1 /manbuweb/Publicjs/bootstrap.min.js
INFO: [ app_init ] --START--
INFO: Run Behavior\BuildLiteBehavior [ RunTime:0.000061s ]
INFO: [ app_init ] --END-- [ RunTime:0.000772s ]
ERR: 无法加载模块:Publicjs

[ 2015-10-05T13:54:48+08:00 ] ::1 /manbuweb/Publicjs/stylejs.js
INFO: [ app_init ] --START--
INFO: Run Behavior\BuildLiteBehavior [ RunTime:0.000063s ]
INFO: [ app_init ] --END-- [ RunTime:0.000801s ]
ERR: 无法加载模块:Publicjs

[ 2015-10-05T13:54:48+08:00 ] ::1 /manbuweb/Publicjs/bootstrap.min.js
INFO: [ app_init ] --START--
INFO: Run Behavior\BuildLiteBehavior [ RunTime:0.000034s ]
INFO: [ app_init ] --END-- [ RunTime:0.000465s ]
ERR: 无法加载模块:Publicjs

[ 2015-10-05T13:54:48+08:00 ] ::1 /manbuweb/Publicjs/stylejs.js
INFO: [ app_init ] --START--
INFO: Run Behavior\BuildLiteBehavior [ RunTime:0.000051s ]
INFO: [ app_init ] --END-- [ RunTime:0.000722s ]
ERR: 无法加载模块:Publicjs

[ 2015-10-05T13:55:04+08:00 ] ::1 /manbuweb/Publiccss/bootstrap-theme.min.css
INFO: [ app_init ] --START--
INFO: Run Behavior\BuildLiteBehavior [ RunTime:0.000053s ]
INFO: [ app_init ] --END-- [ RunTime:0.000715s ]
ERR: 无法加载模块:Publiccss

[ 2015-10-05T13:55:04+08:00 ] ::1 /manbuweb/Publicjs/bootstrap.min.js
INFO: [ app_init ] --START--
INFO: Run Behavior\BuildLiteBehavior [ RunTime:0.000058s ]
INFO: [ app_init ] --END-- [ RunTime:0.000727s ]
ERR: 无法加载模块:Publicjs

[ 2015-10-05T13:55:04+08:00 ] ::1 /manbuweb/Publicjs/stylejs.js
INFO: [ app_init ] --START--
INFO: Run Behavior\BuildLiteBehavior [ RunTime:0.000054s ]
INFO: [ app_init ] --END-- [ RunTime:0.000740s ]
ERR: 无法加载模块:Publicjs

[ 2015-10-05T13:55:04+08:00 ] ::1 /manbuweb/Publicjs/bootstrap.min.js
INFO: [ app_init ] --START--
INFO: Run Behavior\BuildLiteBehavior [ RunTime:0.000050s ]
INFO: [ app_init ] --END-- [ RunTime:0.000654s ]
ERR: 无法加载模块:Publicjs

[ 2015-10-05T13:55:04+08:00 ] ::1 /manbuweb/Publicjs/stylejs.js
INFO: [ app_init ] --START--
INFO: Run Behavior\BuildLiteBehavior [ RunTime:0.000038s ]
INFO: [ app_init ] --END-- [ RunTime:0.000726s ]
ERR: 无法加载模块:Publicjs

[ 2015-10-05T13:55:07+08:00 ] ::1 /manbuweb/Publiccss/bootstrap-theme.min.css
INFO: [ app_init ] --START--
INFO: Run Behavior\BuildLiteBehavior [ RunTime:0.000053s ]
INFO: [ app_init ] --END-- [ RunTime:0.000703s ]
ERR: 无法加载模块:Publiccss

[ 2015-10-05T13:55:07+08:00 ] ::1 /manbuweb/Publicjs/bootstrap.min.js
INFO: [ app_init ] --START--
INFO: Run Behavior\BuildLiteBehavior [ RunTime:0.000056s ]
INFO: [ app_init ] --END-- [ RunTime:0.000741s ]
ERR: 无法加载模块:Publicjs

[ 2015-10-05T13:55:07+08:00 ] ::1 /manbuweb/Publicjs/stylejs.js
INFO: [ app_init ] --START--
INFO: Run Behavior\BuildLiteBehavior [ RunTime:0.000056s ]
INFO: [ app_init ] --END-- [ RunTime:0.000687s ]
ERR: 无法加载模块:Publicjs

[ 2015-10-05T13:55:07+08:00 ] ::1 /manbuweb/Publicjs/bootstrap.min.js
INFO: [ app_init ] --START--
INFO: Run Behavior\BuildLiteBehavior [ RunTime:0.000034s ]
INFO: [ app_init ] --END-- [ RunTime:0.000572s ]
ERR: 无法加载模块:Publicjs

[ 2015-10-05T13:55:07+08:00 ] ::1 /manbuweb/Publicjs/stylejs.js
INFO: [ app_init ] --START--
INFO: Run Behavior\BuildLiteBehavior [ RunTime:0.000033s ]
INFO: [ app_init ] --END-- [ RunTime:0.000478s ]
ERR: 无法加载模块:Publicjs

[ 2015-10-05T13:56:03+08:00 ] ::1 /manbuweb/Publiccss/bootstrap-theme.min.css
INFO: [ app_init ] --START--
INFO: Run Behavior\BuildLiteBehavior [ RunTime:0.000055s ]
INFO: [ app_init ] --END-- [ RunTime:0.000717s ]
ERR: 无法加载模块:Publiccss

[ 2015-10-05T13:56:03+08:00 ] ::1 /manbuweb/Publicjs/bootstrap.min.js
INFO: [ app_init ] --START--
INFO: Run Behavior\BuildLiteBehavior [ RunTime:0.000058s ]
INFO: [ app_init ] --END-- [ RunTime:0.001777s ]
ERR: 无法加载模块:Publicjs

[ 2015-10-05T13:56:03+08:00 ] ::1 /manbuweb/Publicjs/stylejs.js
INFO: [ app_init ] --START--
INFO: Run Behavior\BuildLiteBehavior [ RunTime:0.000059s ]
INFO: [ app_init ] --END-- [ RunTime:0.000933s ]
ERR: 无法加载模块:Publicjs

[ 2015-10-05T13:56:04+08:00 ] ::1 /manbuweb/Publicjs/bootstrap.min.js
INFO: [ app_init ] --START--
INFO: Run Behavior\BuildLiteBehavior [ RunTime:0.000028s ]
INFO: [ app_init ] --END-- [ RunTime:0.000390s ]
ERR: 无法加载模块:Publicjs

[ 2015-10-05T13:56:04+08:00 ] ::1 /manbuweb/Publicjs/stylejs.js
INFO: [ app_init ] --START--
INFO: Run Behavior\BuildLiteBehavior [ RunTime:0.000035s ]
INFO: [ app_init ] --END-- [ RunTime:0.000518s ]
ERR: 无法加载模块:Publicjs

[ 2015-10-05T13:56:33+08:00 ] ::1 /manbuweb/Publiccss/bootstrap-theme.min.css
INFO: [ app_init ] --START--
INFO: Run Behavior\BuildLiteBehavior [ RunTime:0.000051s ]
INFO: [ app_init ] --END-- [ RunTime:0.000710s ]
ERR: 无法加载模块:Publiccss

[ 2015-10-05T13:56:33+08:00 ] ::1 /manbuweb/Publicjs/stylejs.js
INFO: [ app_init ] --START--
INFO: Run Behavior\BuildLiteBehavior [ RunTime:0.000082s ]
INFO: [ app_init ] --END-- [ RunTime:0.000747s ]
ERR: 无法加载模块:Publicjs

[ 2015-10-05T13:56:33+08:00 ] ::1 /manbuweb/Publicjs/bootstrap.min.js
INFO: [ app_init ] --START--
INFO: Run Behavior\BuildLiteBehavior [ RunTime:0.000054s ]
INFO: [ app_init ] --END-- [ RunTime:0.000771s ]
ERR: 无法加载模块:Publicjs

[ 2015-10-05T13:56:33+08:00 ] ::1 /manbuweb/Publicjs/stylejs.js
INFO: [ app_init ] --START--
INFO: Run Behavior\BuildLiteBehavior [ RunTime:0.000054s ]
INFO: [ app_init ] --END-- [ RunTime:0.000979s ]
ERR: 无法加载模块:Publicjs

[ 2015-10-05T13:57:21+08:00 ] ::1 /manbuweb/Publiccss/bootstrap-theme.min.css
INFO: [ app_init ] --START--
INFO: Run Behavior\BuildLiteBehavior [ RunTime:0.000053s ]
INFO: [ app_init ] --END-- [ RunTime:0.000708s ]
ERR: 无法加载模块:Publiccss

[ 2015-10-05T13:57:21+08:00 ] ::1 /manbuweb/Publicjs/bootstrap.min.js
INFO: [ app_init ] --START--
INFO: Run Behavior\BuildLiteBehavior [ RunTime:0.000055s ]
INFO: [ app_init ] --END-- [ RunTime:0.000771s ]
ERR: 无法加载模块:Publicjs

[ 2015-10-05T13:57:21+08:00 ] ::1 /manbuweb/Publicjs/stylejs.js
INFO: [ app_init ] --START--
INFO: Run Behavior\BuildLiteBehavior [ RunTime:0.000059s ]
INFO: [ app_init ] --END-- [ RunTime:0.000867s ]
ERR: 无法加载模块:Publicjs

[ 2015-10-05T13:57:21+08:00 ] ::1 /manbuweb/Publicjs/bootstrap.min.js
INFO: [ app_init ] --START--
INFO: Run Behavior\BuildLiteBehavior [ RunTime:0.000030s ]
INFO: [ app_init ] --END-- [ RunTime:0.000473s ]
ERR: 无法加载模块:Publicjs

[ 2015-10-05T13:57:21+08:00 ] ::1 /manbuweb/Publicjs/stylejs.js
INFO: [ app_init ] --START--
INFO: Run Behavior\BuildLiteBehavior [ RunTime:0.000033s ]
INFO: [ app_init ] --END-- [ RunTime:0.000458s ]
ERR: 无法加载模块:Publicjs

[ 2015-10-05T13:57:33+08:00 ] ::1 /manbuweb/Publiccss/bootstrap-theme.min.css
INFO: [ app_init ] --START--
INFO: Run Behavior\BuildLiteBehavior [ RunTime:0.000055s ]
INFO: [ app_init ] --END-- [ RunTime:0.000704s ]
ERR: 无法加载模块:Publiccss

[ 2015-10-05T13:57:33+08:00 ] ::1 /manbuweb/Publicjs/bootstrap.min.js
INFO: [ app_init ] --START--
INFO: Run Behavior\BuildLiteBehavior [ RunTime:0.000059s ]
INFO: [ app_init ] --END-- [ RunTime:0.000735s ]
ERR: 无法加载模块:Publicjs

[ 2015-10-05T13:57:33+08:00 ] ::1 /manbuweb/Publicjs/stylejs.js
INFO: [ app_init ] --START--
INFO: Run Behavior\BuildLiteBehavior [ RunTime:0.000054s ]
INFO: [ app_init ] --END-- [ RunTime:0.000913s ]
ERR: 无法加载模块:Publicjs

[ 2015-10-05T13:57:33+08:00 ] ::1 /manbuweb/Publicjs/bootstrap.min.js
INFO: [ app_init ] --START--
INFO: Run Behavior\BuildLiteBehavior [ RunTime:0.000034s ]
INFO: [ app_init ] --END-- [ RunTime:0.000486s ]
ERR: 无法加载模块:Publicjs

[ 2015-10-05T13:57:33+08:00 ] ::1 /manbuweb/Publicjs/stylejs.js
INFO: [ app_init ] --START--
INFO: Run Behavior\BuildLiteBehavior [ RunTime:0.000034s ]
INFO: [ app_init ] --END-- [ RunTime:0.000505s ]
ERR: 无法加载模块:Publicjs

[ 2015-10-05T13:57:57+08:00 ] ::1 /manbuweb/Publiccss/bootstrap-theme.min.css
INFO: [ app_init ] --START--
INFO: Run Behavior\BuildLiteBehavior [ RunTime:0.000052s ]
INFO: [ app_init ] --END-- [ RunTime:0.000711s ]
ERR: 无法加载模块:Publiccss

[ 2015-10-05T13:57:57+08:00 ] ::1 /manbuweb/Publicjs/stylejs.js
INFO: [ app_init ] --START--
INFO: Run Behavior\BuildLiteBehavior [ RunTime:0.000055s ]
INFO: [ app_init ] --END-- [ RunTime:0.000757s ]
ERR: 无法加载模块:Publicjs

[ 2015-10-05T13:57:57+08:00 ] ::1 /manbuweb/Publicjs/bootstrap.min.js
INFO: [ app_init ] --START--
INFO: Run Behavior\BuildLiteBehavior [ RunTime:0.000061s ]
INFO: [ app_init ] --END-- [ RunTime:0.000797s ]
ERR: 无法加载模块:Publicjs

[ 2015-10-05T13:57:57+08:00 ] ::1 /manbuweb/Publicjs/bootstrap.min.js
INFO: [ app_init ] --START--
INFO: Run Behavior\BuildLiteBehavior [ RunTime:0.000058s ]
INFO: [ app_init ] --END-- [ RunTime:0.000934s ]
ERR: 无法加载模块:Publicjs

[ 2015-10-05T13:57:57+08:00 ] ::1 /manbuweb/Publicjs/stylejs.js
INFO: [ app_init ] --START--
INFO: Run Behavior\BuildLiteBehavior [ RunTime:0.000056s ]
INFO: [ app_init ] --END-- [ RunTime:0.000776s ]
ERR: 无法加载模块:Publicjs

[ 2015-10-05T13:58:07+08:00 ] ::1 /manbuweb/Publiccss/bootstrap-theme.min.css
INFO: [ app_init ] --START--
INFO: Run Behavior\BuildLiteBehavior [ RunTime:0.000053s ]
INFO: [ app_init ] --END-- [ RunTime:0.000686s ]
ERR: 无法加载模块:Publiccss

[ 2015-10-05T13:58:07+08:00 ] ::1 /manbuweb/Publicjs/bootstrap.min.js
INFO: [ app_init ] --START--
INFO: Run Behavior\BuildLiteBehavior [ RunTime:0.000053s ]
INFO: [ app_init ] --END-- [ RunTime:0.000690s ]
ERR: 无法加载模块:Publicjs

[ 2015-10-05T13:58:07+08:00 ] ::1 /manbuweb/Publicjs/stylejs.js
INFO: [ app_init ] --START--
INFO: Run Behavior\BuildLiteBehavior [ RunTime:0.000039s ]
INFO: [ app_init ] --END-- [ RunTime:0.000588s ]
ERR: 无法加载模块:Publicjs

[ 2015-10-05T13:58:07+08:00 ] ::1 /manbuweb/Publicjs/bootstrap.min.js
INFO: [ app_init ] --START--
INFO: Run Behavior\BuildLiteBehavior [ RunTime:0.000028s ]
INFO: [ app_init ] --END-- [ RunTime:0.000394s ]
ERR: 无法加载模块:Publicjs

[ 2015-10-05T13:58:07+08:00 ] ::1 /manbuweb/Publicjs/stylejs.js
INFO: [ app_init ] --START--
INFO: Run Behavior\BuildLiteBehavior [ RunTime:0.000060s ]
INFO: [ app_init ] --END-- [ RunTime:0.001482s ]
ERR: 无法加载模块:Publicjs

[ 2015-10-05T13:59:03+08:00 ] ::1 /manbuweb/Publiccss/bootstrap-theme.min.css
INFO: [ app_init ] --START--
INFO: Run Behavior\BuildLiteBehavior [ RunTime:0.000049s ]
INFO: [ app_init ] --END-- [ RunTime:0.000685s ]
ERR: 无法加载模块:Publiccss

[ 2015-10-05T13:59:03+08:00 ] ::1 /manbuweb/Publicjs/bootstrap.min.js
INFO: [ app_init ] --START--
INFO: Run Behavior\BuildLiteBehavior [ RunTime:0.000053s ]
INFO: [ app_init ] --END-- [ RunTime:0.000727s ]
ERR: 无法加载模块:Publicjs

[ 2015-10-05T13:59:03+08:00 ] ::1 /manbuweb/Publicjs/stylejs.js
INFO: [ app_init ] --START--
INFO: Run Behavior\BuildLiteBehavior [ RunTime:0.000064s ]
INFO: [ app_init ] --END-- [ RunTime:0.000855s ]
ERR: 无法加载模块:Publicjs

[ 2015-10-05T13:59:03+08:00 ] ::1 /manbuweb/Publicjs/bootstrap.min.js
INFO: [ app_init ] --START--
INFO: Run Behavior\BuildLiteBehavior [ RunTime:0.000043s ]
INFO: [ app_init ] --END-- [ RunTime:0.000488s ]
ERR: 无法加载模块:Publicjs

[ 2015-10-05T13:59:03+08:00 ] ::1 /manbuweb/Publicjs/stylejs.js
INFO: [ app_init ] --START--
INFO: Run Behavior\BuildLiteBehavior [ RunTime:0.000033s ]
INFO: [ app_init ] --END-- [ RunTime:0.000503s ]
ERR: 无法加载模块:Publicjs

[ 2015-10-05T13:59:46+08:00 ] ::1 /manbuweb/Publiccss/bootstrap-theme.min.css
INFO: [ app_init ] --START--
INFO: Run Behavior\BuildLiteBehavior [ RunTime:0.000053s ]
INFO: [ app_init ] --END-- [ RunTime:0.000735s ]
ERR: 无法加载模块:Publiccss

[ 2015-10-05T13:59:46+08:00 ] ::1 /manbuweb/Publicjs/stylejs.js
INFO: [ app_init ] --START--
INFO: Run Behavior\BuildLiteBehavior [ RunTime:0.000060s ]
INFO: [ app_init ] --END-- [ RunTime:0.000819s ]
ERR: 无法加载模块:Publicjs

[ 2015-10-05T13:59:46+08:00 ] ::1 /manbuweb/Publicjs/bootstrap.min.js
INFO: [ app_init ] --START--
INFO: Run Behavior\BuildLiteBehavior [ RunTime:0.000048s ]
INFO: [ app_init ] --END-- [ RunTime:0.000844s ]
ERR: 无法加载模块:Publicjs

[ 2015-10-05T13:59:46+08:00 ] ::1 /manbuweb/Publicjs/bootstrap.min.js
INFO: [ app_init ] --START--
INFO: Run Behavior\BuildLiteBehavior [ RunTime:0.000037s ]
INFO: [ app_init ] --END-- [ RunTime:0.000509s ]
ERR: 无法加载模块:Publicjs

[ 2015-10-05T13:59:46+08:00 ] ::1 /manbuweb/Publicjs/stylejs.js
INFO: [ app_init ] --START--
INFO: Run Behavior\BuildLiteBehavior [ RunTime:0.000033s ]
INFO: [ app_init ] --END-- [ RunTime:0.000466s ]
ERR: 无法加载模块:Publicjs

[ 2015-10-05T14:01:01+08:00 ] ::1 /manbuweb/Publiccss/bootstrap-theme.min.css
INFO: [ app_init ] --START--
INFO: Run Behavior\BuildLiteBehavior [ RunTime:0.000052s ]
INFO: [ app_init ] --END-- [ RunTime:0.000689s ]
ERR: 无法加载模块:Publiccss

[ 2015-10-05T14:01:01+08:00 ] ::1 /manbuweb/Publicjs/stylejs.js
INFO: [ app_init ] --START--
INFO: Run Behavior\BuildLiteBehavior [ RunTime:0.000058s ]
INFO: [ app_init ] --END-- [ RunTime:0.001155s ]
ERR: 无法加载模块:Publicjs

[ 2015-10-05T14:01:01+08:00 ] ::1 /manbuweb/Publicjs/bootstrap.min.js
INFO: [ app_init ] --START--
INFO: Run Behavior\BuildLiteBehavior [ RunTime:0.000057s ]
INFO: [ app_init ] --END-- [ RunTime:0.000768s ]
ERR: 无法加载模块:Publicjs

[ 2015-10-05T14:01:01+08:00 ] ::1 /manbuweb/Publicjs/bootstrap.min.js
INFO: [ app_init ] --START--
INFO: Run Behavior\BuildLiteBehavior [ RunTime:0.000033s ]
INFO: [ app_init ] --END-- [ RunTime:0.000478s ]
ERR: 无法加载模块:Publicjs

[ 2015-10-05T14:01:01+08:00 ] ::1 /manbuweb/Publicjs/stylejs.js
INFO: [ app_init ] --START--
INFO: Run Behavior\BuildLiteBehavior [ RunTime:0.000051s ]
INFO: [ app_init ] --END-- [ RunTime:0.000703s ]
ERR: 无法加载模块:Publicjs

[ 2015-10-05T14:01:46+08:00 ] ::1 /manbuweb/Publiccss/bootstrap-theme.min.css
INFO: [ app_init ] --START--
INFO: Run Behavior\BuildLiteBehavior [ RunTime:0.000054s ]
INFO: [ app_init ] --END-- [ RunTime:0.000712s ]
ERR: 无法加载模块:Publiccss

[ 2015-10-05T14:01:46+08:00 ] ::1 /manbuweb/Publicjs/stylejs.js
INFO: [ app_init ] --START--
INFO: Run Behavior\BuildLiteBehavior [ RunTime:0.000052s ]
INFO: [ app_init ] --END-- [ RunTime:0.000722s ]
ERR: 无法加载模块:Publicjs

[ 2015-10-05T14:01:46+08:00 ] ::1 /manbuweb/Publicjs/bootstrap.min.js
INFO: [ app_init ] --START--
INFO: Run Behavior\BuildLiteBehavior [ RunTime:0.000060s ]
INFO: [ app_init ] --END-- [ RunTime:0.000873s ]
ERR: 无法加载模块:Publicjs

[ 2015-10-05T14:01:46+08:00 ] ::1 /manbuweb/Publicjs/bootstrap.min.js
INFO: [ app_init ] --START--
INFO: Run Behavior\BuildLiteBehavior [ RunTime:0.000027s ]
INFO: [ app_init ] --END-- [ RunTime:0.000425s ]
ERR: 无法加载模块:Publicjs

[ 2015-10-05T14:01:46+08:00 ] ::1 /manbuweb/Publicjs/stylejs.js
INFO: [ app_init ] --START--
INFO: Run Behavior\BuildLiteBehavior [ RunTime:0.000060s ]
INFO: [ app_init ] --END-- [ RunTime:0.000773s ]
ERR: 无法加载模块:Publicjs

[ 2015-10-05T14:01:59+08:00 ] ::1 /manbuweb/Publiccss/bootstrap-theme.min.css
INFO: [ app_init ] --START--
INFO: Run Behavior\BuildLiteBehavior [ RunTime:0.000054s ]
INFO: [ app_init ] --END-- [ RunTime:0.000719s ]
ERR: 无法加载模块:Publiccss

[ 2015-10-05T14:01:59+08:00 ] ::1 /manbuweb/Publicjs/stylejs.js
INFO: [ app_init ] --START--
INFO: Run Behavior\BuildLiteBehavior [ RunTime:0.000059s ]
INFO: [ app_init ] --END-- [ RunTime:0.000758s ]
ERR: 无法加载模块:Publicjs

[ 2015-10-05T14:01:59+08:00 ] ::1 /manbuweb/Publicjs/bootstrap.min.js
INFO: [ app_init ] --START--
INFO: Run Behavior\BuildLiteBehavior [ RunTime:0.000054s ]
INFO: [ app_init ] --END-- [ RunTime:0.000973s ]
ERR: 无法加载模块:Publicjs

[ 2015-10-05T14:01:59+08:00 ] ::1 /manbuweb/Publicjs/stylejs.js
INFO: [ app_init ] --START--
INFO: Run Behavior\BuildLiteBehavior [ RunTime:0.000054s ]
INFO: [ app_init ] --END-- [ RunTime:0.000747s ]
ERR: 无法加载模块:Publicjs

[ 2015-10-05T14:02:21+08:00 ] ::1 /manbuweb/Publiccss/bootstrap-theme.min.css
INFO: [ app_init ] --START--
INFO: Run Behavior\BuildLiteBehavior [ RunTime:0.000051s ]
INFO: [ app_init ] --END-- [ RunTime:0.000698s ]
ERR: 无法加载模块:Publiccss

[ 2015-10-05T14:02:21+08:00 ] ::1 /manbuweb/Publicjs/stylejs.js
INFO: [ app_init ] --START--
INFO: Run Behavior\BuildLiteBehavior [ RunTime:0.000055s ]
INFO: [ app_init ] --END-- [ RunTime:0.000688s ]
ERR: 无法加载模块:Publicjs

[ 2015-10-05T14:02:21+08:00 ] ::1 /manbuweb/Publicjs/bootstrap.min.js
INFO: [ app_init ] --START--
INFO: Run Behavior\BuildLiteBehavior [ RunTime:0.000051s ]
INFO: [ app_init ] --END-- [ RunTime:0.000701s ]
ERR: 无法加载模块:Publicjs

[ 2015-10-05T14:02:21+08:00 ] ::1 /manbuweb/Publicjs/bootstrap.min.js
INFO: [ app_init ] --START--
INFO: Run Behavior\BuildLiteBehavior [ RunTime:0.000035s ]
INFO: [ app_init ] --END-- [ RunTime:0.000464s ]
ERR: 无法加载模块:Publicjs

[ 2015-10-05T14:02:21+08:00 ] ::1 /manbuweb/Publicjs/stylejs.js
INFO: [ app_init ] --START--
INFO: Run Behavior\BuildLiteBehavior [ RunTime:0.000035s ]
INFO: [ app_init ] --END-- [ RunTime:0.000599s ]
ERR: 无法加载模块:Publicjs

[ 2015-10-05T14:05:43+08:00 ] ::1 /manbuweb/Publiccss/bootstrap-theme.min.css
INFO: [ app_init ] --START--
INFO: Run Behavior\BuildLiteBehavior [ RunTime:0.000054s ]
INFO: [ app_init ] --END-- [ RunTime:0.000726s ]
ERR: 无法加载模块:Publiccss

[ 2015-10-05T14:05:43+08:00 ] ::1 /manbuweb/Publicjs/bootstrap.min.js
INFO: [ app_init ] --START--
INFO: Run Behavior\BuildLiteBehavior [ RunTime:0.000051s ]
INFO: [ app_init ] --END-- [ RunTime:0.000814s ]
ERR: 无法加载模块:Publicjs

[ 2015-10-05T14:05:43+08:00 ] ::1 /manbuweb/Publicjs/stylejs.js
INFO: [ app_init ] --START--
INFO: Run Behavior\BuildLiteBehavior [ RunTime:0.000054s ]
INFO: [ app_init ] --END-- [ RunTime:0.000783s ]
ERR: 无法加载模块:Publicjs

[ 2015-10-05T14:05:43+08:00 ] ::1 /manbuweb/Publicjs/bootstrap.min.js
INFO: [ app_init ] --START--
INFO: Run Behavior\BuildLiteBehavior [ RunTime:0.000051s ]
INFO: [ app_init ] --END-- [ RunTime:0.000723s ]
ERR: 无法加载模块:Publicjs

[ 2015-10-05T14:05:44+08:00 ] ::1 /manbuweb/Publicjs/stylejs.js
INFO: [ app_init ] --START--
INFO: Run Behavior\BuildLiteBehavior [ RunTime:0.000061s ]
INFO: [ app_init ] --END-- [ RunTime:0.000754s ]
ERR: 无法加载模块:Publicjs

[ 2015-10-05T14:07:11+08:00 ] ::1 /manbuweb/Publiccss/bootstrap-theme.min.css
INFO: [ app_init ] --START--
INFO: Run Behavior\BuildLiteBehavior [ RunTime:0.000059s ]
INFO: [ app_init ] --END-- [ RunTime:0.000767s ]
ERR: 无法加载模块:Publiccss

[ 2015-10-05T14:07:11+08:00 ] ::1 /manbuweb/Publicjs/bootstrap.min.js
INFO: [ app_init ] --START--
INFO: Run Behavior\BuildLiteBehavior [ RunTime:0.000054s ]
INFO: [ app_init ] --END-- [ RunTime:0.000882s ]
ERR: 无法加载模块:Publicjs

[ 2015-10-05T14:07:11+08:00 ] ::1 /manbuweb/Publicjs/stylejs.js
INFO: [ app_init ] --START--
INFO: Run Behavior\BuildLiteBehavior [ RunTime:0.000062s ]
INFO: [ app_init ] --END-- [ RunTime:0.001084s ]
ERR: 无法加载模块:Publicjs

[ 2015-10-05T14:07:11+08:00 ] ::1 /manbuweb/Publicjs/bootstrap.min.js
INFO: [ app_init ] --START--
INFO: Run Behavior\BuildLiteBehavior [ RunTime:0.000038s ]
INFO: [ app_init ] --END-- [ RunTime:0.000523s ]
ERR: 无法加载模块:Publicjs

[ 2015-10-05T14:07:11+08:00 ] ::1 /manbuweb/Publicjs/stylejs.js
INFO: [ app_init ] --START--
INFO: Run Behavior\BuildLiteBehavior [ RunTime:0.000039s ]
INFO: [ app_init ] --END-- [ RunTime:0.000568s ]
ERR: 无法加载模块:Publicjs

[ 2015-10-05T14:08:22+08:00 ] ::1 /manbuweb/Publiccss/bootstrap-theme.min.css
INFO: [ app_init ] --START--
INFO: Run Behavior\BuildLiteBehavior [ RunTime:0.000064s ]
INFO: [ app_init ] --END-- [ RunTime:0.000802s ]
ERR: 无法加载模块:Publiccss

[ 2015-10-05T14:08:22+08:00 ] ::1 /manbuweb/Publicjs/stylejs.js
INFO: [ app_init ] --START--
INFO: Run Behavior\BuildLiteBehavior [ RunTime:0.000059s ]
INFO: [ app_init ] --END-- [ RunTime:0.000834s ]
ERR: 无法加载模块:Publicjs

[ 2015-10-05T14:08:22+08:00 ] ::1 /manbuweb/Publicjs/bootstrap.min.js
INFO: [ app_init ] --START--
INFO: Run Behavior\BuildLiteBehavior [ RunTime:0.000054s ]
INFO: [ app_init ] --END-- [ RunTime:0.000855s ]
ERR: 无法加载模块:Publicjs

[ 2015-10-05T14:08:22+08:00 ] ::1 /manbuweb/Publicjs/bootstrap.min.js
INFO: [ app_init ] --START--
INFO: Run Behavior\BuildLiteBehavior [ RunTime:0.000065s ]
INFO: [ app_init ] --END-- [ RunTime:0.000801s ]
ERR: 无法加载模块:Publicjs

[ 2015-10-05T14:08:22+08:00 ] ::1 /manbuweb/Publicjs/stylejs.js
INFO: [ app_init ] --START--
INFO: Run Behavior\BuildLiteBehavior [ RunTime:0.000074s ]
INFO: [ app_init ] --END-- [ RunTime:0.000943s ]
ERR: 无法加载模块:Publicjs

[ 2015-10-05T14:09:02+08:00 ] ::1 /manbuweb/Publiccss/bootstrap-theme.min.css
INFO: [ app_init ] --START--
INFO: Run Behavior\BuildLiteBehavior [ RunTime:0.000061s ]
INFO: [ app_init ] --END-- [ RunTime:0.000731s ]
ERR: 无法加载模块:Publiccss

[ 2015-10-05T14:09:02+08:00 ] ::1 /manbuweb/Publicjs/stylejs.js
INFO: [ app_init ] --START--
INFO: Run Behavior\BuildLiteBehavior [ RunTime:0.000057s ]
INFO: [ app_init ] --END-- [ RunTime:0.000723s ]
ERR: 无法加载模块:Publicjs

[ 2015-10-05T14:09:02+08:00 ] ::1 /manbuweb/Publicjs/bootstrap.min.js
INFO: [ app_init ] --START--
INFO: Run Behavior\BuildLiteBehavior [ RunTime:0.000048s ]
INFO: [ app_init ] --END-- [ RunTime:0.000751s ]
ERR: 无法加载模块:Publicjs

[ 2015-10-05T14:09:02+08:00 ] ::1 /manbuweb/Publicjs/stylejs.js
INFO: [ app_init ] --START--
INFO: Run Behavior\BuildLiteBehavior [ RunTime:0.000065s ]
INFO: [ app_init ] --END-- [ RunTime:0.000812s ]
ERR: 无法加载模块:Publicjs

[ 2015-10-05T14:09:59+08:00 ] ::1 /manbuweb/Publiccss/bootstrap-theme.min.css
INFO: [ app_init ] --START--
INFO: Run Behavior\BuildLiteBehavior [ RunTime:0.000055s ]
INFO: [ app_init ] --END-- [ RunTime:0.000722s ]
ERR: 无法加载模块:Publiccss

[ 2015-10-05T14:09:59+08:00 ] ::1 /manbuweb/Publicjs/stylejs.js
INFO: [ app_init ] --START--
INFO: Run Behavior\BuildLiteBehavior [ RunTime:0.000053s ]
INFO: [ app_init ] --END-- [ RunTime:0.000728s ]
ERR: 无法加载模块:Publicjs

[ 2015-10-05T14:09:59+08:00 ] ::1 /manbuweb/Publicjs/bootstrap.min.js
INFO: [ app_init ] --START--
INFO: Run Behavior\BuildLiteBehavior [ RunTime:0.000057s ]
INFO: [ app_init ] --END-- [ RunTime:0.000727s ]
ERR: 无法加载模块:Publicjs

[ 2015-10-05T14:09:59+08:00 ] ::1 /manbuweb/Publicjs/bootstrap.min.js
INFO: [ app_init ] --START--
INFO: Run Behavior\BuildLiteBehavior [ RunTime:0.000057s ]
INFO: [ app_init ] --END-- [ RunTime:0.000706s ]
ERR: 无法加载模块:Publicjs

[ 2015-10-05T14:09:59+08:00 ] ::1 /manbuweb/Publicjs/stylejs.js
INFO: [ app_init ] --START--
INFO: Run Behavior\BuildLiteBehavior [ RunTime:0.000033s ]
INFO: [ app_init ] --END-- [ RunTime:0.000510s ]
ERR: 无法加载模块:Publicjs

[ 2015-10-05T15:21:40+08:00 ] ::1 /manbuweb/Publiccss/bootstrap-theme.min.css
INFO: [ app_init ] --START--
INFO: Run Behavior\BuildLiteBehavior [ RunTime:0.000053s ]
INFO: [ app_init ] --END-- [ RunTime:0.000804s ]
ERR: 无法加载模块:Publiccss

[ 2015-10-05T15:21:40+08:00 ] ::1 /manbuweb/Publicjs/stylejs.js
INFO: [ app_init ] --START--
INFO: Run Behavior\BuildLiteBehavior [ RunTime:0.000052s ]
INFO: [ app_init ] --END-- [ RunTime:0.000820s ]
ERR: 无法加载模块:Publicjs

[ 2015-10-05T15:21:40+08:00 ] ::1 /manbuweb/Publicjs/bootstrap.min.js
INFO: [ app_init ] --START--
INFO: Run Behavior\BuildLiteBehavior [ RunTime:0.000053s ]
INFO: [ app_init ] --END-- [ RunTime:0.000772s ]
ERR: 无法加载模块:Publicjs

[ 2015-10-05T15:21:40+08:00 ] ::1 /manbuweb/Publicjs/bootstrap.min.js
INFO: [ app_init ] --START--
INFO: Run Behavior\BuildLiteBehavior [ RunTime:0.000032s ]
INFO: [ app_init ] --END-- [ RunTime:0.000452s ]
ERR: 无法加载模块:Publicjs

[ 2015-10-05T15:21:40+08:00 ] ::1 /manbuweb/Publicjs/stylejs.js
INFO: [ app_init ] --START--
INFO: Run Behavior\BuildLiteBehavior [ RunTime:0.000033s ]
INFO: [ app_init ] --END-- [ RunTime:0.000476s ]
ERR: 无法加载模块:Publicjs

[ 2015-10-05T15:24:43+08:00 ] ::1 /manbuweb/Publiccss/bootstrap-theme.min.css
INFO: [ app_init ] --START--
INFO: Run Behavior\BuildLiteBehavior [ RunTime:0.000059s ]
INFO: [ app_init ] --END-- [ RunTime:0.000753s ]
ERR: 无法加载模块:Publiccss

[ 2015-10-05T15:24:43+08:00 ] ::1 /manbuweb/Publicjs/bootstrap.min.js
INFO: [ app_init ] --START--
INFO: Run Behavior\BuildLiteBehavior [ RunTime:0.000054s ]
INFO: [ app_init ] --END-- [ RunTime:0.000783s ]
ERR: 无法加载模块:Publicjs

[ 2015-10-05T15:24:43+08:00 ] ::1 /manbuweb/Publicjs/stylejs.js
INFO: [ app_init ] --START--
INFO: Run Behavior\BuildLiteBehavior [ RunTime:0.000055s ]
INFO: [ app_init ] --END-- [ RunTime:0.000789s ]
ERR: 无法加载模块:Publicjs

[ 2015-10-05T15:24:43+08:00 ] ::1 /manbuweb/Publicjs/bootstrap.min.js
INFO: [ app_init ] --START--
INFO: Run Behavior\BuildLiteBehavior [ RunTime:0.000030s ]
INFO: [ app_init ] --END-- [ RunTime:0.000447s ]
ERR: 无法加载模块:Publicjs

[ 2015-10-05T15:24:43+08:00 ] ::1 /manbuweb/Publicjs/stylejs.js
INFO: [ app_init ] --START--
INFO: Run Behavior\BuildLiteBehavior [ RunTime:0.000053s ]
INFO: [ app_init ] --END-- [ RunTime:0.000756s ]
ERR: 无法加载模块:Publicjs

[ 2015-10-05T15:25:23+08:00 ] ::1 /manbuweb/Publiccss/bootstrap-theme.min.css
INFO: [ app_init ] --START--
INFO: Run Behavior\BuildLiteBehavior [ RunTime:0.000053s ]
INFO: [ app_init ] --END-- [ RunTime:0.000707s ]
ERR: 无法加载模块:Publiccss

[ 2015-10-05T15:25:23+08:00 ] ::1 /manbuweb/Publicjs/bootstrap.min.js
INFO: [ app_init ] --START--
INFO: Run Behavior\BuildLiteBehavior [ RunTime:0.000052s ]
INFO: [ app_init ] --END-- [ RunTime:0.000695s ]
ERR: 无法加载模块:Publicjs

[ 2015-10-05T15:25:23+08:00 ] ::1 /manbuweb/Publicjs/stylejs.js
INFO: [ app_init ] --START--
INFO: Run Behavior\BuildLiteBehavior [ RunTime:0.000050s ]
INFO: [ app_init ] --END-- [ RunTime:0.000789s ]
ERR: 无法加载模块:Publicjs

[ 2015-10-05T15:25:23+08:00 ] ::1 /manbuweb/Publicjs/bootstrap.min.js
INFO: [ app_init ] --START--
INFO: Run Behavior\BuildLiteBehavior [ RunTime:0.000032s ]
INFO: [ app_init ] --END-- [ RunTime:0.000466s ]
ERR: 无法加载模块:Publicjs

[ 2015-10-05T15:25:23+08:00 ] ::1 /manbuweb/Publicjs/stylejs.js
INFO: [ app_init ] --START--
INFO: Run Behavior\BuildLiteBehavior [ RunTime:0.000058s ]
INFO: [ app_init ] --END-- [ RunTime:0.000749s ]
ERR: 无法加载模块:Publicjs

[ 2015-10-05T15:25:46+08:00 ] ::1 /manbuweb/Publiccss/bootstrap-theme.min.css
INFO: [ app_init ] --START--
INFO: Run Behavior\BuildLiteBehavior [ RunTime:0.000056s ]
INFO: [ app_init ] --END-- [ RunTime:0.000898s ]
ERR: 无法加载模块:Publiccss

[ 2015-10-05T15:25:46+08:00 ] ::1 /manbuweb/Publicjs/bootstrap.min.js
INFO: [ app_init ] --START--
INFO: Run Behavior\BuildLiteBehavior [ RunTime:0.000062s ]
INFO: [ app_init ] --END-- [ RunTime:0.000842s ]
ERR: 无法加载模块:Publicjs

[ 2015-10-05T15:25:46+08:00 ] ::1 /manbuweb/Publicjs/stylejs.js
INFO: [ app_init ] --START--
INFO: Run Behavior\BuildLiteBehavior [ RunTime:0.000069s ]
INFO: [ app_init ] --END-- [ RunTime:0.000767s ]
ERR: 无法加载模块:Publicjs

[ 2015-10-05T15:25:46+08:00 ] ::1 /manbuweb/Publicjs/bootstrap.min.js
INFO: [ app_init ] --START--
INFO: Run Behavior\BuildLiteBehavior [ RunTime:0.000031s ]
INFO: [ app_init ] --END-- [ RunTime:0.000444s ]
ERR: 无法加载模块:Publicjs

[ 2015-10-05T15:25:46+08:00 ] ::1 /manbuweb/Publicjs/stylejs.js
INFO: [ app_init ] --START--
INFO: Run Behavior\BuildLiteBehavior [ RunTime:0.000056s ]
INFO: [ app_init ] --END-- [ RunTime:0.001018s ]
ERR: 无法加载模块:Publicjs

[ 2015-10-05T15:29:03+08:00 ] ::1 /manbuweb/Publiccss/bootstrap-theme.min.css
INFO: [ app_init ] --START--
INFO: Run Behavior\BuildLiteBehavior [ RunTime:0.000054s ]
INFO: [ app_init ] --END-- [ RunTime:0.000838s ]
ERR: 无法加载模块:Publiccss

[ 2015-10-05T15:29:03+08:00 ] ::1 /manbuweb/Publicjs/bootstrap.min.js
INFO: [ app_init ] --START--
INFO: Run Behavior\BuildLiteBehavior [ RunTime:0.000044s ]
INFO: [ app_init ] --END-- [ RunTime:0.000663s ]
ERR: 无法加载模块:Publicjs

[ 2015-10-05T15:29:03+08:00 ] ::1 /manbuweb/Publicjs/stylejs.js
INFO: [ app_init ] --START--
INFO: Run Behavior\BuildLiteBehavior [ RunTime:0.000048s ]
INFO: [ app_init ] --END-- [ RunTime:0.000529s ]
ERR: 无法加载模块:Publicjs

[ 2015-10-05T15:29:04+08:00 ] ::1 /manbuweb/Publicjs/bootstrap.min.js
INFO: [ app_init ] --START--
INFO: Run Behavior\BuildLiteBehavior [ RunTime:0.000055s ]
INFO: [ app_init ] --END-- [ RunTime:0.000737s ]
ERR: 无法加载模块:Publicjs

[ 2015-10-05T15:29:04+08:00 ] ::1 /manbuweb/Publicjs/stylejs.js
INFO: [ app_init ] --START--
INFO: Run Behavior\BuildLiteBehavior [ RunTime:0.000045s ]
INFO: [ app_init ] --END-- [ RunTime:0.000589s ]
ERR: 无法加载模块:Publicjs

[ 2015-10-05T15:30:34+08:00 ] ::1 /manbuweb/Publiccss/bootstrap-theme.min.css
INFO: [ app_init ] --START--
INFO: Run Behavior\BuildLiteBehavior [ RunTime:0.000061s ]
INFO: [ app_init ] --END-- [ RunTime:0.000786s ]
ERR: 无法加载模块:Publiccss

[ 2015-10-05T15:30:34+08:00 ] ::1 /manbuweb/Publicjs/bootstrap.min.js
INFO: [ app_init ] --START--
INFO: Run Behavior\BuildLiteBehavior [ RunTime:0.000053s ]
INFO: [ app_init ] --END-- [ RunTime:0.001625s ]
ERR: 无法加载模块:Publicjs

[ 2015-10-05T15:30:34+08:00 ] ::1 /manbuweb/Publicjs/bootstrap.min.js
INFO: [ app_init ] --START--
INFO: Run Behavior\BuildLiteBehavior [ RunTime:0.000028s ]
INFO: [ app_init ] --END-- [ RunTime:0.000391s ]
ERR: 无法加载模块:Publicjs

[ 2015-10-05T15:30:34+08:00 ] ::1 /manbuweb/Publicjs/stylejs.js
INFO: [ app_init ] --START--
INFO: Run Behavior\BuildLiteBehavior [ RunTime:0.000036s ]
INFO: [ app_init ] --END-- [ RunTime:0.000552s ]
ERR: 无法加载模块:Publicjs

[ 2015-10-05T15:32:21+08:00 ] ::1 /manbuweb/Publiccss/bootstrap-theme.min.css
INFO: [ app_init ] --START--
INFO: Run Behavior\BuildLiteBehavior [ RunTime:0.000062s ]
INFO: [ app_init ] --END-- [ RunTime:0.000776s ]
ERR: 无法加载模块:Publiccss

[ 2015-10-05T15:32:21+08:00 ] ::1 /manbuweb/Publicjs/bootstrap.min.js
INFO: [ app_init ] --START--
INFO: Run Behavior\BuildLiteBehavior [ RunTime:0.000057s ]
INFO: [ app_init ] --END-- [ RunTime:0.000800s ]
ERR: 无法加载模块:Publicjs

[ 2015-10-05T15:32:21+08:00 ] ::1 /manbuweb/Publicjs/stylejs.js
INFO: [ app_init ] --START--
INFO: Run Behavior\BuildLiteBehavior [ RunTime:0.000082s ]
INFO: [ app_init ] --END-- [ RunTime:0.000950s ]
ERR: 无法加载模块:Publicjs

[ 2015-10-05T15:32:21+08:00 ] ::1 /manbuweb/Publicjs/stylejs.js
INFO: [ app_init ] --START--
INFO: Run Behavior\BuildLiteBehavior [ RunTime:0.000033s ]
INFO: [ app_init ] --END-- [ RunTime:0.000470s ]
ERR: 无法加载模块:Publicjs

[ 2015-10-05T15:34:16+08:00 ] ::1 /manbuweb/Publiccss/bootstrap-theme.min.css
INFO: [ app_init ] --START--
INFO: Run Behavior\BuildLiteBehavior [ RunTime:0.000061s ]
INFO: [ app_init ] --END-- [ RunTime:0.000774s ]
ERR: 无法加载模块:Publiccss

[ 2015-10-05T15:34:16+08:00 ] ::1 /manbuweb/Publicjs/stylejs.js
INFO: [ app_init ] --START--
INFO: Run Behavior\BuildLiteBehavior [ RunTime:0.000058s ]
INFO: [ app_init ] --END-- [ RunTime:0.000728s ]
ERR: 无法加载模块:Publicjs

[ 2015-10-05T15:34:16+08:00 ] ::1 /manbuweb/Publicjs/bootstrap.min.js
INFO: [ app_init ] --START--
INFO: Run Behavior\BuildLiteBehavior [ RunTime:0.000053s ]
INFO: [ app_init ] --END-- [ RunTime:0.000870s ]
ERR: 无法加载模块:Publicjs

[ 2015-10-05T15:34:16+08:00 ] ::1 /manbuweb/Publicjs/bootstrap.min.js
INFO: [ app_init ] --START--
INFO: Run Behavior\BuildLiteBehavior [ RunTime:0.000040s ]
INFO: [ app_init ] --END-- [ RunTime:0.000577s ]
ERR: 无法加载模块:Publicjs

[ 2015-10-05T15:34:16+08:00 ] ::1 /manbuweb/Publicjs/stylejs.js
INFO: [ app_init ] --START--
INFO: Run Behavior\BuildLiteBehavior [ RunTime:0.000065s ]
INFO: [ app_init ] --END-- [ RunTime:0.000853s ]
ERR: 无法加载模块:Publicjs

[ 2015-10-05T16:45:52+08:00 ] ::1 /manbuweb/Publicjs/stylejs.js
INFO: [ app_init ] --START--
INFO: Run Behavior\BuildLiteBehavior [ RunTime:0.000034s ]
INFO: [ app_init ] --END-- [ RunTime:0.000509s ]
ERR: 无法加载模块:Publicjs

[ 2015-10-05T16:45:52+08:00 ] ::1 /manbuweb/Publiccss/bootstrap-theme.min.css
INFO: [ app_init ] --START--
INFO: Run Behavior\BuildLiteBehavior [ RunTime:0.000032s ]
INFO: [ app_init ] --END-- [ RunTime:0.000517s ]
ERR: 无法加载模块:Publiccss

[ 2015-10-05T16:45:52+08:00 ] ::1 /manbuweb/Publicjs/bootstrap.min.js
INFO: [ app_init ] --START--
INFO: Run Behavior\BuildLiteBehavior [ RunTime:0.000028s ]
INFO: [ app_init ] --END-- [ RunTime:0.000392s ]
ERR: 无法加载模块:Publicjs

[ 2015-10-05T16:45:52+08:00 ] ::1 /manbuweb/Publicjs/stylejs.js
INFO: [ app_init ] --START--
INFO: Run Behavior\BuildLiteBehavior [ RunTime:0.000033s ]
INFO: [ app_init ] --END-- [ RunTime:0.000466s ]
ERR: 无法加载模块:Publicjs

[ 2015-10-05T16:47:05+08:00 ] ::1 /manbuweb/Publicjs/bootstrap.min.js
INFO: [ app_init ] --START--
INFO: Run Behavior\BuildLiteBehavior [ RunTime:0.000051s ]
INFO: [ app_init ] --END-- [ RunTime:0.000723s ]
ERR: 无法加载模块:Publicjs

[ 2015-10-05T16:47:05+08:00 ] ::1 /manbuweb/Publicjs/stylejs.js
INFO: [ app_init ] --START--
INFO: Run Behavior\BuildLiteBehavior [ RunTime:0.000056s ]
INFO: [ app_init ] --END-- [ RunTime:0.000696s ]
ERR: 无法加载模块:Publicjs

[ 2015-10-05T16:47:05+08:00 ] ::1 /manbuweb/Publiccss/bootstrap-theme.min.css
INFO: [ app_init ] --START--
INFO: Run Behavior\BuildLiteBehavior [ RunTime:0.000059s ]
INFO: [ app_init ] --END-- [ RunTime:0.001468s ]
ERR: 无法加载模块:Publiccss

[ 2015-10-05T16:47:05+08:00 ] ::1 /manbuweb/Publicjs/bootstrap.min.js
INFO: [ app_init ] --START--
INFO: Run Behavior\BuildLiteBehavior [ RunTime:0.000027s ]
INFO: [ app_init ] --END-- [ RunTime:0.000388s ]
ERR: 无法加载模块:Publicjs

[ 2015-10-05T16:47:05+08:00 ] ::1 /manbuweb/Publicjs/stylejs.js
INFO: [ app_init ] --START--
INFO: Run Behavior\BuildLiteBehavior [ RunTime:0.000028s ]
INFO: [ app_init ] --END-- [ RunTime:0.000391s ]
ERR: 无法加载模块:Publicjs

[ 2015-10-05T16:48:11+08:00 ] ::1 /manbuweb/Publicjs/bootstrap.min.js
INFO: [ app_init ] --START--
INFO: Run Behavior\BuildLiteBehavior [ RunTime:0.000057s ]
INFO: [ app_init ] --END-- [ RunTime:0.000730s ]
ERR: 无法加载模块:Publicjs

[ 2015-10-05T16:48:11+08:00 ] ::1 /manbuweb/Publiccss/bootstrap-theme.min.css
INFO: [ app_init ] --START--
INFO: Run Behavior\BuildLiteBehavior [ RunTime:0.000057s ]
INFO: [ app_init ] --END-- [ RunTime:0.000852s ]
ERR: 无法加载模块:Publiccss

[ 2015-10-05T16:48:11+08:00 ] ::1 /manbuweb/Publicjs/stylejs.js
INFO: [ app_init ] --START--
INFO: Run Behavior\BuildLiteBehavior [ RunTime:0.000063s ]
INFO: [ app_init ] --END-- [ RunTime:0.000865s ]
ERR: 无法加载模块:Publicjs

[ 2015-10-05T16:48:11+08:00 ] ::1 /manbuweb/Publicjs/bootstrap.min.js
INFO: [ app_init ] --START--
INFO: Run Behavior\BuildLiteBehavior [ RunTime:0.000031s ]
INFO: [ app_init ] --END-- [ RunTime:0.000502s ]
ERR: 无法加载模块:Publicjs

[ 2015-10-05T16:48:11+08:00 ] ::1 /manbuweb/Publicjs/stylejs.js
INFO: [ app_init ] --START--
INFO: Run Behavior\BuildLiteBehavior [ RunTime:0.000033s ]
INFO: [ app_init ] --END-- [ RunTime:0.000503s ]
ERR: 无法加载模块:Publicjs

[ 2015-10-05T16:48:12+08:00 ] ::1 /manbuweb/Publiccss/bootstrap-theme.min.css
INFO: [ app_init ] --START--
INFO: Run Behavior\BuildLiteBehavior [ RunTime:0.000055s ]
INFO: [ app_init ] --END-- [ RunTime:0.000716s ]
ERR: 无法加载模块:Publiccss

[ 2015-10-05T16:48:12+08:00 ] ::1 /manbuweb/Publicjs/bootstrap.min.js
INFO: [ app_init ] --START--
INFO: Run Behavior\BuildLiteBehavior [ RunTime:0.000051s ]
INFO: [ app_init ] --END-- [ RunTime:0.000661s ]
ERR: 无法加载模块:Publicjs

[ 2015-10-05T16:48:12+08:00 ] ::1 /manbuweb/Publicjs/stylejs.js
INFO: [ app_init ] --START--
INFO: Run Behavior\BuildLiteBehavior [ RunTime:0.000052s ]
INFO: [ app_init ] --END-- [ RunTime:0.000730s ]
ERR: 无法加载模块:Publicjs

[ 2015-10-05T16:48:12+08:00 ] ::1 /manbuweb/Publicjs/bootstrap.min.js
INFO: [ app_init ] --START--
INFO: Run Behavior\BuildLiteBehavior [ RunTime:0.000031s ]
INFO: [ app_init ] --END-- [ RunTime:0.000443s ]
ERR: 无法加载模块:Publicjs

[ 2015-10-05T16:48:12+08:00 ] ::1 /manbuweb/Publicjs/stylejs.js
INFO: [ app_init ] --START--
INFO: Run Behavior\BuildLiteBehavior [ RunTime:0.000037s ]
INFO: [ app_init ] --END-- [ RunTime:0.000537s ]
ERR: 无法加载模块:Publicjs

[ 2015-10-05T16:48:34+08:00 ] ::1 /manbuweb/Publiccss/bootstrap-theme.min.css
INFO: [ app_init ] --START--
INFO: Run Behavior\BuildLiteBehavior [ RunTime:0.000064s ]
INFO: [ app_init ] --END-- [ RunTime:0.000763s ]
ERR: 无法加载模块:Publiccss

[ 2015-10-05T16:48:34+08:00 ] ::1 /manbuweb/Publicjs/bootstrap.min.js
INFO: [ app_init ] --START--
INFO: Run Behavior\BuildLiteBehavior [ RunTime:0.000055s ]
INFO: [ app_init ] --END-- [ RunTime:0.000698s ]
ERR: 无法加载模块:Publicjs

[ 2015-10-05T16:48:34+08:00 ] ::1 /manbuweb/Publicjs/stylejs.js
INFO: [ app_init ] --START--
INFO: Run Behavior\BuildLiteBehavior [ RunTime:0.000053s ]
INFO: [ app_init ] --END-- [ RunTime:0.000699s ]
ERR: 无法加载模块:Publicjs

[ 2015-10-05T16:48:34+08:00 ] ::1 /manbuweb/Publicjs/bootstrap.min.js
INFO: [ app_init ] --START--
INFO: Run Behavior\BuildLiteBehavior [ RunTime:0.000029s ]
INFO: [ app_init ] --END-- [ RunTime:0.000467s ]
ERR: 无法加载模块:Publicjs

[ 2015-10-05T16:48:34+08:00 ] ::1 /manbuweb/Publicjs/stylejs.js
INFO: [ app_init ] --START--
INFO: Run Behavior\BuildLiteBehavior [ RunTime:0.000033s ]
INFO: [ app_init ] --END-- [ RunTime:0.000458s ]
ERR: 无法加载模块:Publicjs

[ 2015-10-05T16:48:35+08:00 ] ::1 /manbuweb/Publiccss/bootstrap-theme.min.css
INFO: [ app_init ] --START--
INFO: Run Behavior\BuildLiteBehavior [ RunTime:0.000057s ]
INFO: [ app_init ] --END-- [ RunTime:0.000864s ]
ERR: 无法加载模块:Publiccss

[ 2015-10-05T16:48:35+08:00 ] ::1 /manbuweb/Publicjs/stylejs.js
INFO: [ app_init ] --START--
INFO: Run Behavior\BuildLiteBehavior [ RunTime:0.000060s ]
INFO: [ app_init ] --END-- [ RunTime:0.000741s ]
ERR: 无法加载模块:Publicjs

[ 2015-10-05T16:48:35+08:00 ] ::1 /manbuweb/Publicjs/bootstrap.min.js
INFO: [ app_init ] --START--
INFO: Run Behavior\BuildLiteBehavior [ RunTime:0.000056s ]
INFO: [ app_init ] --END-- [ RunTime:0.000736s ]
ERR: 无法加载模块:Publicjs

[ 2015-10-05T16:48:35+08:00 ] ::1 /manbuweb/Publicjs/bootstrap.min.js
INFO: [ app_init ] --START--
INFO: Run Behavior\BuildLiteBehavior [ RunTime:0.000031s ]
INFO: [ app_init ] --END-- [ RunTime:0.000449s ]
ERR: 无法加载模块:Publicjs

[ 2015-10-05T16:48:35+08:00 ] ::1 /manbuweb/Publicjs/stylejs.js
INFO: [ app_init ] --START--
INFO: Run Behavior\BuildLiteBehavior [ RunTime:0.000032s ]
INFO: [ app_init ] --END-- [ RunTime:0.000484s ]
ERR: 无法加载模块:Publicjs

[ 2015-10-05T16:49:29+08:00 ] ::1 /manbuweb/Publiccss/bootstrap-theme.min.css
INFO: [ app_init ] --START--
INFO: Run Behavior\BuildLiteBehavior [ RunTime:0.000054s ]
INFO: [ app_init ] --END-- [ RunTime:0.000764s ]
ERR: 无法加载模块:Publiccss

[ 2015-10-05T16:49:29+08:00 ] ::1 /manbuweb/Publicjs/bootstrap.min.js
INFO: [ app_init ] --START--
INFO: Run Behavior\BuildLiteBehavior [ RunTime:0.000656s ]
INFO: [ app_init ] --END-- [ RunTime:0.001388s ]
ERR: 无法加载模块:Publicjs

[ 2015-10-05T16:49:29+08:00 ] ::1 /manbuweb/Publicjs/stylejs.js
INFO: [ app_init ] --START--
INFO: Run Behavior\BuildLiteBehavior [ RunTime:0.000052s ]
INFO: [ app_init ] --END-- [ RunTime:0.000760s ]
ERR: 无法加载模块:Publicjs

[ 2015-10-05T16:49:29+08:00 ] ::1 /manbuweb/Publicjs/bootstrap.min.js
INFO: [ app_init ] --START--
INFO: Run Behavior\BuildLiteBehavior [ RunTime:0.000031s ]
INFO: [ app_init ] --END-- [ RunTime:0.000446s ]
ERR: 无法加载模块:Publicjs

[ 2015-10-05T16:49:29+08:00 ] ::1 /manbuweb/Publicjs/stylejs.js
INFO: [ app_init ] --START--
INFO: Run Behavior\BuildLiteBehavior [ RunTime:0.000033s ]
INFO: [ app_init ] --END-- [ RunTime:0.000465s ]
ERR: 无法加载模块:Publicjs

[ 2015-10-05T16:49:47+08:00 ] ::1 /manbuweb/Publicjs/bootstrap.min.js
INFO: [ app_init ] --START--
INFO: Run Behavior\BuildLiteBehavior [ RunTime:0.000053s ]
INFO: [ app_init ] --END-- [ RunTime:0.000716s ]
ERR: 无法加载模块:Publicjs

[ 2015-10-05T16:49:47+08:00 ] ::1 /manbuweb/Publicjs/stylejs.js
INFO: [ app_init ] --START--
INFO: Run Behavior\BuildLiteBehavior [ RunTime:0.000052s ]
INFO: [ app_init ] --END-- [ RunTime:0.000735s ]
ERR: 无法加载模块:Publicjs

[ 2015-10-05T16:49:47+08:00 ] ::1 /manbuweb/Publiccss/bootstrap-theme.min.css
INFO: [ app_init ] --START--
INFO: Run Behavior\BuildLiteBehavior [ RunTime:0.000055s ]
INFO: [ app_init ] --END-- [ RunTime:0.000702s ]
ERR: 无法加载模块:Publiccss

[ 2015-10-05T16:49:47+08:00 ] ::1 /manbuweb/Publicjs/bootstrap.min.js
INFO: [ app_init ] --START--
INFO: Run Behavior\BuildLiteBehavior [ RunTime:0.000033s ]
INFO: [ app_init ] --END-- [ RunTime:0.000443s ]
ERR: 无法加载模块:Publicjs

[ 2015-10-05T16:49:47+08:00 ] ::1 /manbuweb/Publicjs/stylejs.js
INFO: [ app_init ] --START--
INFO: Run Behavior\BuildLiteBehavior [ RunTime:0.000031s ]
INFO: [ app_init ] --END-- [ RunTime:0.000451s ]
ERR: 无法加载模块:Publicjs

[ 2015-10-05T16:50:15+08:00 ] ::1 /manbuweb/Publicjs/bootstrap.min.js
INFO: [ app_init ] --START--
INFO: Run Behavior\BuildLiteBehavior [ RunTime:0.000059s ]
INFO: [ app_init ] --END-- [ RunTime:0.000724s ]
ERR: 无法加载模块:Publicjs

[ 2015-10-05T16:50:15+08:00 ] ::1 /manbuweb/Publiccss/bootstrap-theme.min.css
INFO: [ app_init ] --START--
INFO: Run Behavior\BuildLiteBehavior [ RunTime:0.000055s ]
INFO: [ app_init ] --END-- [ RunTime:0.000825s ]
ERR: 无法加载模块:Publiccss

[ 2015-10-05T16:50:15+08:00 ] ::1 /manbuweb/Publicjs/stylejs.js
INFO: [ app_init ] --START--
INFO: Run Behavior\BuildLiteBehavior [ RunTime:0.000053s ]
INFO: [ app_init ] --END-- [ RunTime:0.000929s ]
ERR: 无法加载模块:Publicjs

[ 2015-10-05T16:50:15+08:00 ] ::1 /manbuweb/Publicjs/bootstrap.min.js
INFO: [ app_init ] --START--
INFO: Run Behavior\BuildLiteBehavior [ RunTime:0.000030s ]
INFO: [ app_init ] --END-- [ RunTime:0.000461s ]
ERR: 无法加载模块:Publicjs

[ 2015-10-05T16:50:15+08:00 ] ::1 /manbuweb/Publicjs/stylejs.js
INFO: [ app_init ] --START--
INFO: Run Behavior\BuildLiteBehavior [ RunTime:0.000032s ]
INFO: [ app_init ] --END-- [ RunTime:0.000463s ]
ERR: 无法加载模块:Publicjs

[ 2015-10-05T16:51:49+08:00 ] ::1 /manbuweb/Publiccss/bootstrap-theme.min.css
INFO: [ app_init ] --START--
INFO: Run Behavior\BuildLiteBehavior [ RunTime:0.000054s ]
INFO: [ app_init ] --END-- [ RunTime:0.000776s ]
ERR: 无法加载模块:Publiccss

[ 2015-10-05T16:51:49+08:00 ] ::1 /manbuweb/Publicjs/bootstrap.min.js
INFO: [ app_init ] --START--
INFO: Run Behavior\BuildLiteBehavior [ RunTime:0.000059s ]
INFO: [ app_init ] --END-- [ RunTime:0.000749s ]
ERR: 无法加载模块:Publicjs

[ 2015-10-05T16:51:49+08:00 ] ::1 /manbuweb/Publicjs/stylejs.js
INFO: [ app_init ] --START--
INFO: Run Behavior\BuildLiteBehavior [ RunTime:0.000034s ]
INFO: [ app_init ] --END-- [ RunTime:0.000569s ]
ERR: 无法加载模块:Publicjs

[ 2015-10-05T16:51:50+08:00 ] ::1 /manbuweb/Publicjs/bootstrap.min.js
INFO: [ app_init ] --START--
INFO: Run Behavior\BuildLiteBehavior [ RunTime:0.000031s ]
INFO: [ app_init ] --END-- [ RunTime:0.000444s ]
ERR: 无法加载模块:Publicjs

[ 2015-10-05T16:51:50+08:00 ] ::1 /manbuweb/Publicjs/stylejs.js
INFO: [ app_init ] --START--
INFO: Run Behavior\BuildLiteBehavior [ RunTime:0.000053s ]
INFO: [ app_init ] --END-- [ RunTime:0.000723s ]
ERR: 无法加载模块:Publicjs

[ 2015-10-05T16:52:39+08:00 ] ::1 /manbuweb/Publicjs/bootstrap.min.js
INFO: [ app_init ] --START--
INFO: Run Behavior\BuildLiteBehavior [ RunTime:0.000053s ]
INFO: [ app_init ] --END-- [ RunTime:0.000680s ]
ERR: 无法加载模块:Publicjs

[ 2015-10-05T16:52:39+08:00 ] ::1 /manbuweb/Publicjs/stylejs.js
INFO: [ app_init ] --START--
INFO: Run Behavior\BuildLiteBehavior [ RunTime:0.000054s ]
INFO: [ app_init ] --END-- [ RunTime:0.000787s ]
ERR: 无法加载模块:Publicjs

[ 2015-10-05T16:52:39+08:00 ] ::1 /manbuweb/Publiccss/bootstrap-theme.min.css
INFO: [ app_init ] --START--
INFO: Run Behavior\BuildLiteBehavior [ RunTime:0.000062s ]
INFO: [ app_init ] --END-- [ RunTime:0.000819s ]
ERR: 无法加载模块:Publiccss

[ 2015-10-05T16:52:39+08:00 ] ::1 /manbuweb/Publicjs/bootstrap.min.js
INFO: [ app_init ] --START--
INFO: Run Behavior\BuildLiteBehavior [ RunTime:0.000027s ]
INFO: [ app_init ] --END-- [ RunTime:0.000430s ]
ERR: 无法加载模块:Publicjs

[ 2015-10-05T16:52:39+08:00 ] ::1 /manbuweb/Publicjs/stylejs.js
INFO: [ app_init ] --START--
INFO: Run Behavior\BuildLiteBehavior [ RunTime:0.000038s ]
INFO: [ app_init ] --END-- [ RunTime:0.000457s ]
ERR: 无法加载模块:Publicjs

[ 2015-10-05T16:54:26+08:00 ] ::1 /manbuweb/Publicjs/bootstrap.min.js
INFO: [ app_init ] --START--
INFO: Run Behavior\BuildLiteBehavior [ RunTime:0.000056s ]
INFO: [ app_init ] --END-- [ RunTime:0.000721s ]
ERR: 无法加载模块:Publicjs

[ 2015-10-05T16:54:26+08:00 ] ::1 /manbuweb/Publicjs/stylejs.js
INFO: [ app_init ] --START--
INFO: Run Behavior\BuildLiteBehavior [ RunTime:0.000054s ]
INFO: [ app_init ] --END-- [ RunTime:0.000730s ]
ERR: 无法加载模块:Publicjs

[ 2015-10-05T16:54:26+08:00 ] ::1 /manbuweb/Publiccss/bootstrap-theme.min.css
INFO: [ app_init ] --START--
INFO: Run Behavior\BuildLiteBehavior [ RunTime:0.000050s ]
INFO: [ app_init ] --END-- [ RunTime:0.000844s ]
ERR: 无法加载模块:Publiccss

[ 2015-10-05T16:54:26+08:00 ] ::1 /manbuweb/Publicjs/bootstrap.min.js
INFO: [ app_init ] --START--
INFO: Run Behavior\BuildLiteBehavior [ RunTime:0.000028s ]
INFO: [ app_init ] --END-- [ RunTime:0.000426s ]
ERR: 无法加载模块:Publicjs

[ 2015-10-05T16:54:26+08:00 ] ::1 /manbuweb/Publicjs/stylejs.js
INFO: [ app_init ] --START--
INFO: Run Behavior\BuildLiteBehavior [ RunTime:0.000034s ]
INFO: [ app_init ] --END-- [ RunTime:0.000477s ]
ERR: 无法加载模块:Publicjs

[ 2015-10-05T16:59:03+08:00 ] ::1 /manbuweb/Publicjs/bootstrap.min.js
INFO: [ app_init ] --START--
INFO: Run Behavior\BuildLiteBehavior [ RunTime:0.000056s ]
INFO: [ app_init ] --END-- [ RunTime:0.000773s ]
ERR: 无法加载模块:Publicjs

[ 2015-10-05T16:59:03+08:00 ] ::1 /manbuweb/Publicjs/stylejs.js
INFO: [ app_init ] --START--
INFO: Run Behavior\BuildLiteBehavior [ RunTime:0.000056s ]
INFO: [ app_init ] --END-- [ RunTime:0.000788s ]
ERR: 无法加载模块:Publicjs

[ 2015-10-05T16:59:03+08:00 ] ::1 /manbuweb/Publiccss/bootstrap-theme.min.css
INFO: [ app_init ] --START--
INFO: Run Behavior\BuildLiteBehavior [ RunTime:0.000039s ]
INFO: [ app_init ] --END-- [ RunTime:0.000712s ]
ERR: 无法加载模块:Publiccss

[ 2015-10-05T16:59:03+08:00 ] ::1 /manbuweb/Publicjs/bootstrap.min.js
INFO: [ app_init ] --START--
INFO: Run Behavior\BuildLiteBehavior [ RunTime:0.000032s ]
INFO: [ app_init ] --END-- [ RunTime:0.000447s ]
ERR: 无法加载模块:Publicjs

[ 2015-10-05T16:59:03+08:00 ] ::1 /manbuweb/Publicjs/stylejs.js
INFO: [ app_init ] --START--
INFO: Run Behavior\BuildLiteBehavior [ RunTime:0.000032s ]
INFO: [ app_init ] --END-- [ RunTime:0.000450s ]
ERR: 无法加载模块:Publicjs

[ 2015-10-05T17:00:06+08:00 ] ::1 /manbuweb/Publicjs/bootstrap.min.js
INFO: [ app_init ] --START--
INFO: Run Behavior\BuildLiteBehavior [ RunTime:0.000056s ]
INFO: [ app_init ] --END-- [ RunTime:0.000711s ]
ERR: 无法加载模块:Publicjs

[ 2015-10-05T17:00:06+08:00 ] ::1 /manbuweb/Publiccss/bootstrap-theme.min.css
INFO: [ app_init ] --START--
INFO: Run Behavior\BuildLiteBehavior [ RunTime:0.000054s ]
INFO: [ app_init ] --END-- [ RunTime:0.000709s ]
ERR: 无法加载模块:Publiccss

[ 2015-10-05T17:00:06+08:00 ] ::1 /manbuweb/Publicjs/stylejs.js
INFO: [ app_init ] --START--
INFO: Run Behavior\BuildLiteBehavior [ RunTime:0.000053s ]
INFO: [ app_init ] --END-- [ RunTime:0.000804s ]
ERR: 无法加载模块:Publicjs

[ 2015-10-05T17:00:07+08:00 ] ::1 /manbuweb/Publicjs/bootstrap.min.js
INFO: [ app_init ] --START--
INFO: Run Behavior\BuildLiteBehavior [ RunTime:0.000027s ]
INFO: [ app_init ] --END-- [ RunTime:0.000392s ]
ERR: 无法加载模块:Publicjs

[ 2015-10-05T17:00:07+08:00 ] ::1 /manbuweb/Publicjs/stylejs.js
INFO: [ app_init ] --START--
INFO: Run Behavior\BuildLiteBehavior [ RunTime:0.000055s ]
INFO: [ app_init ] --END-- [ RunTime:0.000751s ]
ERR: 无法加载模块:Publicjs

[ 2015-10-05T17:00:55+08:00 ] ::1 /manbuweb/Publiccss/bootstrap-theme.min.css
INFO: [ app_init ] --START--
INFO: Run Behavior\BuildLiteBehavior [ RunTime:0.000054s ]
INFO: [ app_init ] --END-- [ RunTime:0.000767s ]
ERR: 无法加载模块:Publiccss

[ 2015-10-05T17:00:55+08:00 ] ::1 /manbuweb/Publicjs/stylejs.js
INFO: [ app_init ] --START--
INFO: Run Behavior\BuildLiteBehavior [ RunTime:0.000054s ]
INFO: [ app_init ] --END-- [ RunTime:0.000882s ]
ERR: 无法加载模块:Publicjs

[ 2015-10-05T17:00:55+08:00 ] ::1 /manbuweb/Publicjs/bootstrap.min.js
INFO: [ app_init ] --START--
INFO: Run Behavior\BuildLiteBehavior [ RunTime:0.000054s ]
INFO: [ app_init ] --END-- [ RunTime:0.001247s ]
ERR: 无法加载模块:Publicjs

